mode: atomic
github.com/flext/flexcore/application/queries/pipeline_queries.go:32.75,37.2 1 0
github.com/flext/flexcore/application/queries/pipeline_queries.go:45.89,49.2 1 0
github.com/flext/flexcore/application/queries/pipeline_queries.go:52.121,54.16 2 0
github.com/flext/flexcore/application/queries/pipeline_queries.go:54.16,56.3 1 0
github.com/flext/flexcore/application/queries/pipeline_queries.go:58.2,58.21 1 0
github.com/flext/flexcore/application/queries/pipeline_queries.go:58.21,60.3 1 0
github.com/flext/flexcore/application/queries/pipeline_queries.go:62.2,62.33 1 0
github.com/flext/flexcore/application/queries/pipeline_queries.go:72.68,77.2 1 0
github.com/flext/flexcore/application/queries/pipeline_queries.go:85.101,89.2 1 0
github.com/flext/flexcore/application/queries/pipeline_queries.go:92.133,93.22 1 0
github.com/flext/flexcore/application/queries/pipeline_queries.go:93.22,95.3 1 0
github.com/flext/flexcore/application/queries/pipeline_queries.go:97.2,98.16 2 0
github.com/flext/flexcore/application/queries/pipeline_queries.go:98.16,100.3 1 0
github.com/flext/flexcore/application/queries/pipeline_queries.go:102.2,102.21 1 0
github.com/flext/flexcore/application/queries/pipeline_queries.go:102.21,104.3 1 0
github.com/flext/flexcore/application/queries/pipeline_queries.go:106.2,106.33 1 0
github.com/flext/flexcore/application/queries/pipeline_queries.go:115.67,119.2 1 0
github.com/flext/flexcore/application/queries/pipeline_queries.go:127.93,131.2 1 0
github.com/flext/flexcore/application/queries/pipeline_queries.go:134.138,140.16 3 0
github.com/flext/flexcore/application/queries/pipeline_queries.go:140.16,142.3 1 0
github.com/flext/flexcore/application/queries/pipeline_queries.go:145.2,146.16 2 0
github.com/flext/flexcore/application/queries/pipeline_queries.go:146.16,148.3 1 0
github.com/flext/flexcore/application/queries/pipeline_queries.go:151.2,152.36 2 0
github.com/flext/flexcore/application/queries/pipeline_queries.go:162.95,167.2 1 0
github.com/flext/flexcore/application/queries/pipeline_queries.go:175.107,179.2 1 0
github.com/flext/flexcore/application/queries/pipeline_queries.go:182.152,183.23 1 0
github.com/flext/flexcore/application/queries/pipeline_queries.go:183.23,185.3 1 0
github.com/flext/flexcore/application/queries/pipeline_queries.go:187.2,189.16 3 0
github.com/flext/flexcore/application/queries/pipeline_queries.go:189.16,191.3 1 0
github.com/flext/flexcore/application/queries/pipeline_queries.go:194.2,195.16 2 0
github.com/flext/flexcore/application/queries/pipeline_queries.go:195.16,197.3 1 0
github.com/flext/flexcore/application/queries/pipeline_queries.go:199.2,200.36 2 0
github.com/flext/flexcore/application/queries/pipeline_queries.go:210.89,215.2 1 0
github.com/flext/flexcore/application/queries/pipeline_queries.go:223.103,227.2 1 0
github.com/flext/flexcore/application/queries/pipeline_queries.go:230.148,231.21 1 0
github.com/flext/flexcore/application/queries/pipeline_queries.go:231.21,233.3 1 0
github.com/flext/flexcore/application/queries/pipeline_queries.go:235.2,237.16 3 0
github.com/flext/flexcore/application/queries/pipeline_queries.go:237.16,239.3 1 0
github.com/flext/flexcore/application/queries/pipeline_queries.go:241.2,242.16 2 0
github.com/flext/flexcore/application/queries/pipeline_queries.go:242.16,244.3 1 0
github.com/flext/flexcore/application/queries/pipeline_queries.go:246.2,247.36 2 0
github.com/flext/flexcore/application/queries/pipeline_queries.go:257.115,262.2 1 0
github.com/flext/flexcore/application/queries/pipeline_queries.go:270.109,274.2 1 0
github.com/flext/flexcore/application/queries/pipeline_queries.go:277.154,280.16 3 0
github.com/flext/flexcore/application/queries/pipeline_queries.go:280.16,282.3 1 0
github.com/flext/flexcore/application/queries/pipeline_queries.go:284.2,285.16 2 0
github.com/flext/flexcore/application/queries/pipeline_queries.go:285.16,287.3 1 0
github.com/flext/flexcore/application/queries/pipeline_queries.go:289.2,290.36 2 0
github.com/flext/flexcore/application/queries/pipeline_queries.go:311.65,315.2 1 0
github.com/flext/flexcore/application/queries/pipeline_queries.go:323.109,327.2 1 0
github.com/flext/flexcore/application/queries/pipeline_queries.go:330.141,335.16 2 0
github.com/flext/flexcore/application/queries/pipeline_queries.go:335.16,337.3 1 0
github.com/flext/flexcore/application/queries/pipeline_queries.go:340.2,356.30 6 0
github.com/flext/flexcore/application/queries/pipeline_queries.go:367.90,373.2 1 0
github.com/flext/flexcore/application/queries/pipeline_queries.go:381.97,385.2 1 0
github.com/flext/flexcore/application/queries/pipeline_queries.go:388.142,389.28 1 0
github.com/flext/flexcore/application/queries/pipeline_queries.go:389.28,391.3 1 0
github.com/flext/flexcore/application/queries/pipeline_queries.go:395.2,397.16 3 0
github.com/flext/flexcore/application/queries/pipeline_queries.go:397.16,399.3 1 0
github.com/flext/flexcore/application/queries/pipeline_queries.go:402.2,403.30 2 0
github.com/flext/flexcore/application/queries/pipeline_queries.go:403.30,404.86 1 0
github.com/flext/flexcore/application/queries/pipeline_queries.go:404.86,406.4 1 0
github.com/flext/flexcore/application/queries/pipeline_queries.go:409.2,411.36 3 0
github.com/flext/flexcore/application/queries/pipeline_queries.go:415.38,417.2 1 0
github.com/flext/flexcore/application/queries/query_bus.go:37.46,41.2 1 0
github.com/flext/flexcore/application/queries/query_bus.go:44.29,46.2 1 0
github.com/flext/flexcore/application/queries/query_bus.go:49.86,50.18 1 0
github.com/flext/flexcore/application/queries/query_bus.go:50.18,52.3 1 0
github.com/flext/flexcore/application/queries/query_bus.go:54.2,54.20 1 0
github.com/flext/flexcore/application/queries/query_bus.go:54.20,56.3 1 0
github.com/flext/flexcore/application/queries/query_bus.go:59.2,60.38 2 0
github.com/flext/flexcore/application/queries/query_bus.go:60.38,62.3 1 0
github.com/flext/flexcore/application/queries/query_bus.go:64.2,69.50 4 0
github.com/flext/flexcore/application/queries/query_bus.go:69.50,71.3 1 0
github.com/flext/flexcore/application/queries/query_bus.go:73.2,74.12 2 0
github.com/flext/flexcore/application/queries/query_bus.go:78.99,79.18 1 0
github.com/flext/flexcore/application/queries/query_bus.go:79.18,81.3 1 0
github.com/flext/flexcore/application/queries/query_bus.go:83.2,87.13 4 0
github.com/flext/flexcore/application/queries/query_bus.go:87.13,89.3 1 0
github.com/flext/flexcore/application/queries/query_bus.go:91.2,91.47 1 0
github.com/flext/flexcore/application/queries/query_bus.go:95.76,98.13 2 0
github.com/flext/flexcore/application/queries/query_bus.go:98.13,100.3 1 0
github.com/flext/flexcore/application/queries/query_bus.go:103.2,104.57 2 0
github.com/flext/flexcore/application/queries/query_bus.go:104.57,106.3 1 0
github.com/flext/flexcore/application/queries/query_bus.go:109.2,110.47 2 0
github.com/flext/flexcore/application/queries/query_bus.go:110.47,112.3 1 0
github.com/flext/flexcore/application/queries/query_bus.go:115.2,116.45 2 0
github.com/flext/flexcore/application/queries/query_bus.go:116.45,118.3 1 0
github.com/flext/flexcore/application/queries/query_bus.go:120.2,120.13 1 0
github.com/flext/flexcore/application/queries/query_bus.go:124.126,129.13 4 0
github.com/flext/flexcore/application/queries/query_bus.go:129.13,131.3 1 0
github.com/flext/flexcore/application/queries/query_bus.go:134.2,142.23 3 0
github.com/flext/flexcore/application/queries/query_bus.go:142.23,144.3 1 0
github.com/flext/flexcore/application/queries/query_bus.go:147.2,150.33 2 0
github.com/flext/flexcore/application/queries/query_bus.go:151.34,152.11 1 0
github.com/flext/flexcore/application/queries/query_bus.go:153.13,154.15 1 0
github.com/flext/flexcore/application/queries/query_bus.go:154.15,156.4 1 0
github.com/flext/flexcore/application/queries/query_bus.go:157.3,157.42 1 0
github.com/flext/flexcore/application/queries/query_bus.go:158.10,160.40 1 0
github.com/flext/flexcore/application/queries/query_bus.go:165.62,170.38 4 0
github.com/flext/flexcore/application/queries/query_bus.go:170.38,172.3 1 0
github.com/flext/flexcore/application/queries/query_bus.go:173.2,173.16 1 0
github.com/flext/flexcore/application/queries/query_bus.go:182.47,184.2 1 0
github.com/flext/flexcore/application/queries/query_bus.go:187.39,189.2 1 0
github.com/flext/flexcore/application/queries/query_bus.go:201.69,208.2 1 0
github.com/flext/flexcore/application/queries/query_bus.go:211.72,215.2 3 0
github.com/flext/flexcore/application/queries/query_bus.go:227.86,236.2 2 0
github.com/flext/flexcore/application/queries/query_bus.go:239.45,241.2 1 0
github.com/flext/flexcore/application/queries/query_bus.go:244.49,246.2 1 0
github.com/flext/flexcore/application/queries/query_bus.go:255.55,260.2 1 0
github.com/flext/flexcore/application/queries/query_bus.go:263.80,266.2 2 0
github.com/flext/flexcore/application/queries/query_bus.go:275.34,279.2 1 0
github.com/flext/flexcore/application/queries/query_bus.go:282.58,287.2 4 0
github.com/flext/flexcore/application/queries/query_bus.go:290.57,294.2 3 0
github.com/flext/flexcore/application/queries/query_bus.go:297.30,301.2 3 0
github.com/flext/flexcore/application/queries/query_bus.go:310.56,315.2 1 0
github.com/flext/flexcore/application/queries/query_bus.go:318.84,320.2 1 0
github.com/flext/flexcore/application/queries/query_bus.go:323.97,328.55 2 0
github.com/flext/flexcore/application/queries/query_bus.go:328.55,330.3 1 0
github.com/flext/flexcore/application/queries/query_bus.go:333.2,336.24 2 0
github.com/flext/flexcore/application/queries/query_bus.go:336.24,338.3 1 0
github.com/flext/flexcore/application/queries/query_bus.go:340.2,340.15 1 0
github.com/flext/flexcore/application/queries/query_bus.go:344.46,346.2 1 0
github.com/flext/flexcore/application/queries/query_bus.go:354.44,356.2 1 0
github.com/flext/flexcore/application/queries/query_bus.go:359.56,362.2 2 0
github.com/flext/flexcore/application/queries/query_bus.go:365.44,368.19 2 0
github.com/flext/flexcore/application/queries/query_bus.go:368.19,370.3 1 0
github.com/flext/flexcore/application/queries/query_bus.go:372.2,372.14 1 0
github.com/flext/flexcore/application/commands/command_bus.go:37.50,41.2 1 6
github.com/flext/flexcore/application/commands/command_bus.go:44.33,46.2 1 5
github.com/flext/flexcore/application/commands/command_bus.go:49.92,50.20 1 5
github.com/flext/flexcore/application/commands/command_bus.go:50.20,52.3 1 0
github.com/flext/flexcore/application/commands/command_bus.go:54.2,54.20 1 5
github.com/flext/flexcore/application/commands/command_bus.go:54.20,56.3 1 0
github.com/flext/flexcore/application/commands/command_bus.go:59.2,60.38 2 5
github.com/flext/flexcore/application/commands/command_bus.go:60.38,62.3 1 0
github.com/flext/flexcore/application/commands/command_bus.go:64.2,69.52 4 5
github.com/flext/flexcore/application/commands/command_bus.go:69.52,71.3 1 0
github.com/flext/flexcore/application/commands/command_bus.go:73.2,74.12 2 5
github.com/flext/flexcore/application/commands/command_bus.go:78.105,79.20 1 7
github.com/flext/flexcore/application/commands/command_bus.go:79.20,81.3 1 0
github.com/flext/flexcore/application/commands/command_bus.go:83.2,87.13 4 7
github.com/flext/flexcore/application/commands/command_bus.go:87.13,89.3 1 1
github.com/flext/flexcore/application/commands/command_bus.go:91.2,91.49 1 6
github.com/flext/flexcore/application/commands/command_bus.go:95.130,98.12 2 1
github.com/flext/flexcore/application/commands/command_bus.go:98.12,102.3 3 1
github.com/flext/flexcore/application/commands/command_bus.go:104.2,104.35 1 1
github.com/flext/flexcore/application/commands/command_bus.go:108.78,111.13 2 5
github.com/flext/flexcore/application/commands/command_bus.go:111.13,113.3 1 0
github.com/flext/flexcore/application/commands/command_bus.go:116.2,117.57 2 5
github.com/flext/flexcore/application/commands/command_bus.go:117.57,119.3 1 0
github.com/flext/flexcore/application/commands/command_bus.go:122.2,123.47 2 5
github.com/flext/flexcore/application/commands/command_bus.go:123.47,125.3 1 0
github.com/flext/flexcore/application/commands/command_bus.go:128.2,129.47 2 5
github.com/flext/flexcore/application/commands/command_bus.go:129.47,131.3 1 0
github.com/flext/flexcore/application/commands/command_bus.go:133.2,133.13 1 5
github.com/flext/flexcore/application/commands/command_bus.go:137.132,142.13 4 6
github.com/flext/flexcore/application/commands/command_bus.go:142.13,144.3 1 0
github.com/flext/flexcore/application/commands/command_bus.go:147.2,155.23 3 6
github.com/flext/flexcore/application/commands/command_bus.go:155.23,157.3 1 0
github.com/flext/flexcore/application/commands/command_bus.go:160.2,161.67 2 6
github.com/flext/flexcore/application/commands/command_bus.go:161.67,163.3 1 6
github.com/flext/flexcore/application/commands/command_bus.go:165.2,165.101 1 0
github.com/flext/flexcore/application/commands/command_bus.go:169.65,174.40 4 0
github.com/flext/flexcore/application/commands/command_bus.go:174.40,176.3 1 0
github.com/flext/flexcore/application/commands/command_bus.go:177.2,177.17 1 0
github.com/flext/flexcore/application/commands/command_bus.go:186.53,188.2 1 7
github.com/flext/flexcore/application/commands/command_bus.go:191.43,193.2 1 13
github.com/flext/flexcore/application/commands/command_bus.go:207.93,212.2 1 0
github.com/flext/flexcore/application/commands/command_bus.go:215.93,217.2 1 0
github.com/flext/flexcore/application/commands/command_bus.go:220.106,221.76 1 0
github.com/flext/flexcore/application/commands/command_bus.go:221.76,223.3 1 0
github.com/flext/flexcore/application/commands/command_bus.go:226.2,226.48 1 0
github.com/flext/flexcore/application/commands/command_bus.go:226.48,229.76 3 0
github.com/flext/flexcore/application/commands/command_bus.go:229.76,231.4 1 0
github.com/flext/flexcore/application/commands/command_bus.go:234.2,234.27 1 0
github.com/flext/flexcore/application/commands/command_bus.go:238.131,241.12 2 0
github.com/flext/flexcore/application/commands/command_bus.go:241.12,245.3 3 0
github.com/flext/flexcore/application/commands/command_bus.go:247.2,247.35 1 0
github.com/flext/flexcore/application/commands/command_bus.go:262.59,264.2 1 0
github.com/flext/flexcore/application/commands/command_bus.go:267.178,272.24 3 0
github.com/flext/flexcore/application/commands/command_bus.go:272.24,274.3 1 0
github.com/flext/flexcore/application/commands/command_bus.go:274.8,276.3 1 0
github.com/flext/flexcore/application/commands/command_bus.go:278.2,278.15 1 0
github.com/flext/flexcore/application/commands/command_bus.go:292.52,296.2 1 0
github.com/flext/flexcore/application/commands/command_bus.go:299.97,301.2 1 0
github.com/flext/flexcore/application/commands/command_bus.go:304.181,305.70 1 0
github.com/flext/flexcore/application/commands/command_bus.go:305.70,306.53 1 0
github.com/flext/flexcore/application/commands/command_bus.go:306.53,308.4 1 0
github.com/flext/flexcore/application/commands/command_bus.go:311.2,311.27 1 0
github.com/flext/flexcore/application/commands/command_bus.go:325.72,327.2 1 0
github.com/flext/flexcore/application/commands/command_bus.go:330.178,339.2 4 0
github.com/flext/flexcore/application/commands/command_bus.go:347.48,351.2 1 1
github.com/flext/flexcore/application/commands/command_bus.go:354.75,357.2 2 0
github.com/flext/flexcore/application/commands/command_bus.go:360.65,363.2 2 0
github.com/flext/flexcore/application/commands/command_bus.go:366.88,369.2 2 0
github.com/flext/flexcore/application/commands/command_bus.go:372.83,375.2 2 0
github.com/flext/flexcore/application/commands/command_bus.go:378.48,381.28 2 1
github.com/flext/flexcore/application/commands/command_bus.go:381.28,383.3 1 1
github.com/flext/flexcore/application/commands/command_bus.go:385.2,385.55 1 0
github.com/flext/flexcore/application/commands/pipeline_commands.go:23.101,31.2 1 0
github.com/flext/flexcore/application/commands/pipeline_commands.go:54.118,59.2 1 0
github.com/flext/flexcore/application/commands/pipeline_commands.go:62.126,64.96 1 0
github.com/flext/flexcore/application/commands/pipeline_commands.go:64.96,66.3 1 0
github.com/flext/flexcore/application/commands/pipeline_commands.go:69.2,70.32 2 0
github.com/flext/flexcore/application/commands/pipeline_commands.go:70.32,72.3 1 0
github.com/flext/flexcore/application/commands/pipeline_commands.go:74.2,77.35 2 0
github.com/flext/flexcore/application/commands/pipeline_commands.go:77.35,79.3 1 0
github.com/flext/flexcore/application/commands/pipeline_commands.go:82.2,82.57 1 0
github.com/flext/flexcore/application/commands/pipeline_commands.go:82.57,84.3 1 0
github.com/flext/flexcore/application/commands/pipeline_commands.go:87.2,87.48 1 0
github.com/flext/flexcore/application/commands/pipeline_commands.go:87.48,88.56 1 0
github.com/flext/flexcore/application/commands/pipeline_commands.go:88.57,90.4 0 0
github.com/flext/flexcore/application/commands/pipeline_commands.go:93.2,95.46 2 0
github.com/flext/flexcore/application/commands/pipeline_commands.go:111.114,122.2 1 0
github.com/flext/flexcore/application/commands/pipeline_commands.go:131.120,136.2 1 0
github.com/flext/flexcore/application/commands/pipeline_commands.go:139.128,142.16 2 0
github.com/flext/flexcore/application/commands/pipeline_commands.go:142.16,144.3 1 0
github.com/flext/flexcore/application/commands/pipeline_commands.go:147.2,155.27 7 0
github.com/flext/flexcore/application/commands/pipeline_commands.go:155.27,157.3 1 0
github.com/flext/flexcore/application/commands/pipeline_commands.go:160.2,160.57 1 0
github.com/flext/flexcore/application/commands/pipeline_commands.go:160.57,162.3 1 0
github.com/flext/flexcore/application/commands/pipeline_commands.go:165.2,165.48 1 0
github.com/flext/flexcore/application/commands/pipeline_commands.go:165.48,166.56 1 0
github.com/flext/flexcore/application/commands/pipeline_commands.go:166.57,168.4 0 0
github.com/flext/flexcore/application/commands/pipeline_commands.go:171.2,173.42 2 0
github.com/flext/flexcore/application/commands/pipeline_commands.go:184.122,190.2 1 0
github.com/flext/flexcore/application/commands/pipeline_commands.go:205.151,211.2 1 0
github.com/flext/flexcore/application/commands/pipeline_commands.go:214.128,217.16 2 0
github.com/flext/flexcore/application/commands/pipeline_commands.go:217.16,219.3 1 0
github.com/flext/flexcore/application/commands/pipeline_commands.go:222.2,222.28 1 0
github.com/flext/flexcore/application/commands/pipeline_commands.go:222.28,224.3 1 0
github.com/flext/flexcore/application/commands/pipeline_commands.go:227.2,228.29 2 0
github.com/flext/flexcore/application/commands/pipeline_commands.go:228.29,230.3 1 0
github.com/flext/flexcore/application/commands/pipeline_commands.go:233.2,233.57 1 0
github.com/flext/flexcore/application/commands/pipeline_commands.go:233.57,235.3 1 0
github.com/flext/flexcore/application/commands/pipeline_commands.go:238.2,244.16 3 0
github.com/flext/flexcore/application/commands/pipeline_commands.go:244.16,249.3 3 0
github.com/flext/flexcore/application/commands/pipeline_commands.go:252.2,252.48 1 0
github.com/flext/flexcore/application/commands/pipeline_commands.go:252.48,253.56 1 0
github.com/flext/flexcore/application/commands/pipeline_commands.go:253.57,255.4 0 0
github.com/flext/flexcore/application/commands/pipeline_commands.go:258.2,266.53 3 0
github.com/flext/flexcore/application/commands/pipeline_commands.go:276.89,281.2 1 0
github.com/flext/flexcore/application/commands/pipeline_commands.go:290.122,295.2 1 0
github.com/flext/flexcore/application/commands/pipeline_commands.go:298.130,301.16 2 0
github.com/flext/flexcore/application/commands/pipeline_commands.go:301.16,303.3 1 0
github.com/flext/flexcore/application/commands/pipeline_commands.go:306.2,307.32 2 0
github.com/flext/flexcore/application/commands/pipeline_commands.go:307.32,309.3 1 0
github.com/flext/flexcore/application/commands/pipeline_commands.go:312.2,312.57 1 0
github.com/flext/flexcore/application/commands/pipeline_commands.go:312.57,314.3 1 0
github.com/flext/flexcore/application/commands/pipeline_commands.go:317.2,317.48 1 0
github.com/flext/flexcore/application/commands/pipeline_commands.go:317.48,318.56 1 0
github.com/flext/flexcore/application/commands/pipeline_commands.go:318.57,320.4 0 0
github.com/flext/flexcore/application/commands/pipeline_commands.go:323.2,325.46 2 0
github.com/flext/flexcore/application/commands/pipeline_commands.go:337.128,344.2 1 0
github.com/flext/flexcore/application/commands/pipeline_commands.go:353.128,358.2 1 0
github.com/flext/flexcore/application/commands/pipeline_commands.go:361.136,364.16 2 0
github.com/flext/flexcore/application/commands/pipeline_commands.go:364.16,366.3 1 0
github.com/flext/flexcore/application/commands/pipeline_commands.go:369.2,370.32 2 0
github.com/flext/flexcore/application/commands/pipeline_commands.go:370.32,372.3 1 0
github.com/flext/flexcore/application/commands/pipeline_commands.go:375.2,375.57 1 0
github.com/flext/flexcore/application/commands/pipeline_commands.go:375.57,377.3 1 0
github.com/flext/flexcore/application/commands/pipeline_commands.go:380.2,380.48 1 0
github.com/flext/flexcore/application/commands/pipeline_commands.go:380.48,381.56 1 0
github.com/flext/flexcore/application/commands/pipeline_commands.go:381.57,383.4 0 0
github.com/flext/flexcore/application/commands/pipeline_commands.go:386.2,388.55 2 0
github.com/flext/flexcore/cmd/flexcore/main.go:36.64,39.28 2 0
github.com/flext/flexcore/cmd/flexcore/main.go:39.28,41.3 1 0
github.com/flext/flexcore/cmd/flexcore/main.go:43.2,51.20 3 0
github.com/flext/flexcore/cmd/flexcore/main.go:55.32,77.2 11 0
github.com/flext/flexcore/cmd/flexcore/main.go:80.43,84.63 2 0
github.com/flext/flexcore/cmd/flexcore/main.go:84.63,86.3 1 0
github.com/flext/flexcore/cmd/flexcore/main.go:89.2,98.12 2 0
github.com/flext/flexcore/cmd/flexcore/main.go:98.12,109.3 8 0
github.com/flext/flexcore/cmd/flexcore/main.go:111.2,113.29 3 0
github.com/flext/flexcore/cmd/flexcore/main.go:118.71,127.2 2 0
github.com/flext/flexcore/cmd/flexcore/main.go:129.69,140.2 2 0
github.com/flext/flexcore/cmd/flexcore/main.go:142.74,149.67 2 0
github.com/flext/flexcore/cmd/flexcore/main.go:149.67,152.3 2 0
github.com/flext/flexcore/cmd/flexcore/main.go:154.2,154.26 1 0
github.com/flext/flexcore/cmd/flexcore/main.go:154.26,157.3 2 0
github.com/flext/flexcore/cmd/flexcore/main.go:159.2,162.24 3 0
github.com/flext/flexcore/cmd/flexcore/main.go:162.24,165.3 2 0
github.com/flext/flexcore/cmd/flexcore/main.go:167.2,171.4 2 0
github.com/flext/flexcore/cmd/flexcore/main.go:174.76,181.64 2 0
github.com/flext/flexcore/cmd/flexcore/main.go:181.64,184.3 2 0
github.com/flext/flexcore/cmd/flexcore/main.go:186.2,188.35 2 0
github.com/flext/flexcore/cmd/flexcore/main.go:188.35,193.25 4 0
github.com/flext/flexcore/cmd/flexcore/main.go:193.25,195.4 1 0
github.com/flext/flexcore/cmd/flexcore/main.go:197.3,200.5 1 0
github.com/flext/flexcore/cmd/flexcore/main.go:203.2,207.4 2 0
github.com/flext/flexcore/cmd/flexcore/main.go:210.76,215.69 4 0
github.com/flext/flexcore/cmd/flexcore/main.go:215.69,218.3 2 0
github.com/flext/flexcore/cmd/flexcore/main.go:220.2,223.24 3 0
github.com/flext/flexcore/cmd/flexcore/main.go:223.24,226.3 2 0
github.com/flext/flexcore/cmd/flexcore/main.go:228.2,233.4 2 0
github.com/flext/flexcore/cmd/flexcore/main.go:236.80,242.24 5 0
github.com/flext/flexcore/cmd/flexcore/main.go:242.24,245.3 2 0
github.com/flext/flexcore/cmd/flexcore/main.go:247.2,253.4 3 0
github.com/flext/flexcore/cmd/flexcore/main.go:256.80,262.61 2 0
github.com/flext/flexcore/cmd/flexcore/main.go:262.61,265.3 2 0
github.com/flext/flexcore/cmd/flexcore/main.go:267.2,267.20 1 0
github.com/flext/flexcore/cmd/flexcore/main.go:267.20,270.3 2 0
github.com/flext/flexcore/cmd/flexcore/main.go:272.2,273.24 2 0
github.com/flext/flexcore/cmd/flexcore/main.go:273.24,276.3 2 0
github.com/flext/flexcore/cmd/flexcore/main.go:278.2,282.4 2 0
github.com/flext/flexcore/cmd/flexcore/main.go:285.79,290.24 4 0
github.com/flext/flexcore/cmd/flexcore/main.go:290.24,293.3 2 0
github.com/flext/flexcore/cmd/flexcore/main.go:295.2,296.43 2 0
github.com/flext/flexcore/cmd/flexcore/main.go:299.78,301.24 2 0
github.com/flext/flexcore/cmd/flexcore/main.go:301.24,304.3 2 0
github.com/flext/flexcore/cmd/flexcore/main.go:306.2,307.43 2 0
github.com/flext/flexcore/cmd/flexcore/main.go:310.13,321.11 3 0
github.com/flext/flexcore/cmd/flexcore/main.go:321.11,324.3 2 0
github.com/flext/flexcore/cmd/flexcore/main.go:326.2,326.14 1 0
github.com/flext/flexcore/cmd/flexcore/main.go:326.14,329.3 2 0
github.com/flext/flexcore/cmd/flexcore/main.go:332.2,333.19 2 0
github.com/flext/flexcore/cmd/flexcore/main.go:333.19,335.3 1 0
github.com/flext/flexcore/cmd/flexcore/main.go:338.2,338.23 1 0
github.com/flext/flexcore/cmd/flexcore/main.go:338.23,341.3 1 0
github.com/flext/flexcore/cmd/flexcore/main.go:344.2,344.49 1 0
github.com/flext/flexcore/cmd/flexcore/main.go:344.49,346.3 1 0
github.com/flext/flexcore/cmd/flexcore/main.go:347.2,347.55 1 0
github.com/flext/flexcore/cmd/flexcore/main.go:347.55,349.3 1 0
github.com/flext/flexcore/cmd/flexcore/main.go:350.2,350.67 1 0
github.com/flext/flexcore/cmd/flexcore/main.go:350.67,352.3 1 0
github.com/flext/flexcore/cmd/flexcore/main.go:354.2,358.16 3 0
github.com/flext/flexcore/cmd/flexcore/main.go:358.16,360.3 1 0
github.com/flext/flexcore/cmd/flexcore/main.go:362.2,362.75 1 0
github.com/flext/flexcore/cmd/flexcore/main.go:362.75,364.3 1 0
github.com/flext/flexcore/core/deprecation.go:40.13,42.28 1 0
github.com/flext/flexcore/core/deprecation.go:42.28,43.64 1 0
github.com/flext/flexcore/core/deprecation.go:43.64,48.4 4 0
github.com/flext/flexcore/core/deprecation.go:53.46,55.79 1 0
github.com/flext/flexcore/core/deprecation.go:55.79,58.3 2 0
github.com/flext/flexcore/core/deprecation.go:63.68,66.2 2 0
github.com/flext/flexcore/core/deprecation.go:70.38,73.2 2 0
github.com/flext/flexcore/core/deprecation.go:77.82,80.2 2 0
github.com/flext/flexcore/core/deprecation.go:84.69,87.2 2 0
github.com/flext/flexcore/core/deprecation.go:91.51,94.2 2 0
github.com/flext/flexcore/core/deprecation.go:98.53,101.2 2 0
github.com/flext/flexcore/domain/entities/pipeline.go:17.33,19.2 1 13
github.com/flext/flexcore/domain/entities/pipeline.go:22.38,24.2 1 40
github.com/flext/flexcore/domain/entities/pipeline.go:40.41,41.11 1 0
github.com/flext/flexcore/domain/entities/pipeline.go:42.27,43.17 1 0
github.com/flext/flexcore/domain/entities/pipeline.go:44.28,45.18 1 0
github.com/flext/flexcore/domain/entities/pipeline.go:46.29,47.19 1 0
github.com/flext/flexcore/domain/entities/pipeline.go:48.31,49.21 1 0
github.com/flext/flexcore/domain/entities/pipeline.go:50.28,51.18 1 0
github.com/flext/flexcore/domain/entities/pipeline.go:52.28,53.18 1 0
github.com/flext/flexcore/domain/entities/pipeline.go:54.30,55.20 1 0
github.com/flext/flexcore/domain/entities/pipeline.go:56.10,57.19 1 0
github.com/flext/flexcore/domain/entities/pipeline.go:76.58,89.2 1 0
github.com/flext/flexcore/domain/entities/pipeline.go:114.76,115.16 1 13
github.com/flext/flexcore/domain/entities/pipeline.go:115.16,117.3 1 0
github.com/flext/flexcore/domain/entities/pipeline.go:119.2,119.17 1 13
github.com/flext/flexcore/domain/entities/pipeline.go:119.17,121.3 1 0
github.com/flext/flexcore/domain/entities/pipeline.go:123.2,138.33 5 13
github.com/flext/flexcore/domain/entities/pipeline.go:142.67,143.21 1 11
github.com/flext/flexcore/domain/entities/pipeline.go:143.21,145.3 1 0
github.com/flext/flexcore/domain/entities/pipeline.go:148.2,148.39 1 11
github.com/flext/flexcore/domain/entities/pipeline.go:148.39,149.37 1 3
github.com/flext/flexcore/domain/entities/pipeline.go:149.37,151.4 1 1
github.com/flext/flexcore/domain/entities/pipeline.go:155.2,155.44 1 10
github.com/flext/flexcore/domain/entities/pipeline.go:155.44,156.29 1 0
github.com/flext/flexcore/domain/entities/pipeline.go:156.29,158.4 1 0
github.com/flext/flexcore/domain/entities/pipeline.go:161.2,168.29 5 10
github.com/flext/flexcore/domain/entities/pipeline.go:172.68,174.31 2 3
github.com/flext/flexcore/domain/entities/pipeline.go:174.31,175.28 1 3
github.com/flext/flexcore/domain/entities/pipeline.go:175.28,177.9 2 2
github.com/flext/flexcore/domain/entities/pipeline.go:181.2,181.21 1 3
github.com/flext/flexcore/domain/entities/pipeline.go:181.21,183.3 1 1
github.com/flext/flexcore/domain/entities/pipeline.go:186.2,186.31 1 2
github.com/flext/flexcore/domain/entities/pipeline.go:186.31,187.45 1 3
github.com/flext/flexcore/domain/entities/pipeline.go:187.45,188.30 1 0
github.com/flext/flexcore/domain/entities/pipeline.go:188.30,190.5 1 0
github.com/flext/flexcore/domain/entities/pipeline.go:195.2,202.29 5 2
github.com/flext/flexcore/domain/entities/pipeline.go:206.51,207.38 1 6
github.com/flext/flexcore/domain/entities/pipeline.go:207.38,209.3 1 0
github.com/flext/flexcore/domain/entities/pipeline.go:211.2,211.23 1 6
github.com/flext/flexcore/domain/entities/pipeline.go:211.23,213.3 1 0
github.com/flext/flexcore/domain/entities/pipeline.go:215.2,222.29 5 6
github.com/flext/flexcore/domain/entities/pipeline.go:226.53,227.39 1 1
github.com/flext/flexcore/domain/entities/pipeline.go:227.39,229.3 1 0
github.com/flext/flexcore/domain/entities/pipeline.go:231.2,238.29 5 1
github.com/flext/flexcore/domain/entities/pipeline.go:242.48,243.38 1 5
github.com/flext/flexcore/domain/entities/pipeline.go:243.38,245.3 1 1
github.com/flext/flexcore/domain/entities/pipeline.go:247.2,247.39 1 4
github.com/flext/flexcore/domain/entities/pipeline.go:247.39,249.3 1 0
github.com/flext/flexcore/domain/entities/pipeline.go:251.2,260.29 7 4
github.com/flext/flexcore/domain/entities/pipeline.go:264.51,265.39 1 2
github.com/flext/flexcore/domain/entities/pipeline.go:265.39,267.3 1 1
github.com/flext/flexcore/domain/entities/pipeline.go:269.2,276.29 5 1
github.com/flext/flexcore/domain/entities/pipeline.go:280.60,281.39 1 2
github.com/flext/flexcore/domain/entities/pipeline.go:281.39,283.3 1 1
github.com/flext/flexcore/domain/entities/pipeline.go:285.2,292.29 5 1
github.com/flext/flexcore/domain/entities/pipeline.go:296.85,297.26 1 1
github.com/flext/flexcore/domain/entities/pipeline.go:297.26,299.3 1 0
github.com/flext/flexcore/domain/entities/pipeline.go:301.2,313.29 5 1
github.com/flext/flexcore/domain/entities/pipeline.go:317.36,324.2 4 1
github.com/flext/flexcore/domain/entities/pipeline.go:327.39,328.37 1 9
github.com/flext/flexcore/domain/entities/pipeline.go:328.37,329.25 1 8
github.com/flext/flexcore/domain/entities/pipeline.go:329.25,331.4 1 1
github.com/flext/flexcore/domain/entities/pipeline.go:333.2,334.11 2 8
github.com/flext/flexcore/domain/entities/pipeline.go:338.42,339.37 1 2
github.com/flext/flexcore/domain/entities/pipeline.go:339.37,340.25 1 4
github.com/flext/flexcore/domain/entities/pipeline.go:340.25,343.9 3 1
github.com/flext/flexcore/domain/entities/pipeline.go:349.50,350.31 1 0
github.com/flext/flexcore/domain/entities/pipeline.go:350.31,351.28 1 0
github.com/flext/flexcore/domain/entities/pipeline.go:351.28,353.4 1 0
github.com/flext/flexcore/domain/entities/pipeline.go:355.2,355.14 1 0
github.com/flext/flexcore/domain/entities/pipeline.go:359.66,360.31 1 0
github.com/flext/flexcore/domain/entities/pipeline.go:360.31,361.28 1 0
github.com/flext/flexcore/domain/entities/pipeline.go:361.28,363.4 1 0
github.com/flext/flexcore/domain/entities/pipeline.go:365.2,365.30 1 0
github.com/flext/flexcore/domain/entities/pipeline.go:369.39,371.2 1 0
github.com/flext/flexcore/domain/entities/pipeline.go:374.38,376.2 1 5
github.com/flext/flexcore/domain/entities/pipeline.go:379.51,380.18 1 4
github.com/flext/flexcore/domain/entities/pipeline.go:380.18,382.3 1 1
github.com/flext/flexcore/domain/entities/pipeline.go:384.2,384.19 1 3
github.com/flext/flexcore/domain/entities/pipeline.go:384.19,386.3 1 1
github.com/flext/flexcore/domain/entities/pipeline.go:388.2,388.23 1 2
github.com/flext/flexcore/domain/entities/pipeline.go:388.23,390.3 1 1
github.com/flext/flexcore/domain/entities/pipeline.go:392.2,392.29 1 1
github.com/flext/flexcore/domain/entities/pipeline.go:396.44,397.27 1 3
github.com/flext/flexcore/domain/entities/pipeline.go:397.27,398.15 1 5
github.com/flext/flexcore/domain/entities/pipeline.go:398.15,400.4 1 2
github.com/flext/flexcore/domain/entities/pipeline.go:402.2,402.14 1 1
github.com/flext/flexcore/domain/entities/pipeline_events.go:19.94,26.2 1 13
github.com/flext/flexcore/domain/entities/pipeline_events.go:36.91,42.2 1 6
github.com/flext/flexcore/domain/entities/pipeline_events.go:52.95,58.2 1 1
github.com/flext/flexcore/domain/entities/pipeline_events.go:69.108,76.2 1 4
github.com/flext/flexcore/domain/entities/pipeline_events.go:87.114,94.2 1 1
github.com/flext/flexcore/domain/entities/pipeline_events.go:106.113,114.2 1 1
github.com/flext/flexcore/domain/entities/pipeline_events.go:125.103,132.2 1 10
github.com/flext/flexcore/domain/entities/pipeline_events.go:142.99,148.2 1 2
github.com/flext/flexcore/domain/entities/pipeline_events.go:159.115,166.2 1 1
github.com/flext/flexcore/domain/entities/pipeline_events.go:175.90,180.2 1 1
github.com/flext/flexcore/domain/entities/plugin.go:17.29,19.2 1 0
github.com/flext/flexcore/domain/entities/plugin.go:22.36,24.2 1 0
github.com/flext/flexcore/domain/entities/plugin.go:37.37,38.11 1 0
github.com/flext/flexcore/domain/entities/plugin.go:39.27,40.21 1 0
github.com/flext/flexcore/domain/entities/plugin.go:41.29,42.23 1 0
github.com/flext/flexcore/domain/entities/plugin.go:43.24,44.18 1 0
github.com/flext/flexcore/domain/entities/plugin.go:45.27,46.21 1 0
github.com/flext/flexcore/domain/entities/plugin.go:47.10,48.19 1 0
github.com/flext/flexcore/domain/entities/plugin.go:63.39,64.11 1 0
github.com/flext/flexcore/domain/entities/plugin.go:65.30,66.22 1 0
github.com/flext/flexcore/domain/entities/plugin.go:67.26,68.18 1 0
github.com/flext/flexcore/domain/entities/plugin.go:69.28,70.20 1 0
github.com/flext/flexcore/domain/entities/plugin.go:71.25,72.17 1 0
github.com/flext/flexcore/domain/entities/plugin.go:73.10,74.19 1 0
github.com/flext/flexcore/domain/entities/plugin.go:94.97,95.16 1 0
github.com/flext/flexcore/domain/entities/plugin.go:95.16,97.3 1 0
github.com/flext/flexcore/domain/entities/plugin.go:99.2,99.19 1 0
github.com/flext/flexcore/domain/entities/plugin.go:99.19,101.3 1 0
github.com/flext/flexcore/domain/entities/plugin.go:103.2,128.31 5 0
github.com/flext/flexcore/domain/entities/plugin.go:132.32,134.2 1 0
github.com/flext/flexcore/domain/entities/plugin.go:137.32,139.2 1 0
github.com/flext/flexcore/domain/entities/plugin.go:142.35,144.2 1 0
github.com/flext/flexcore/domain/entities/plugin.go:147.39,149.2 1 0
github.com/flext/flexcore/domain/entities/plugin.go:152.36,154.2 1 0
github.com/flext/flexcore/domain/entities/plugin.go:157.40,159.2 1 0
github.com/flext/flexcore/domain/entities/plugin.go:162.50,165.29 2 0
github.com/flext/flexcore/domain/entities/plugin.go:165.29,167.3 1 0
github.com/flext/flexcore/domain/entities/plugin.go:168.2,168.15 1 0
github.com/flext/flexcore/domain/entities/plugin.go:172.42,177.2 3 0
github.com/flext/flexcore/domain/entities/plugin.go:180.40,182.2 1 0
github.com/flext/flexcore/domain/entities/plugin.go:185.40,187.2 1 0
github.com/flext/flexcore/domain/entities/plugin.go:190.49,191.36 1 0
github.com/flext/flexcore/domain/entities/plugin.go:191.36,193.3 1 0
github.com/flext/flexcore/domain/entities/plugin.go:195.2,195.35 1 0
github.com/flext/flexcore/domain/entities/plugin.go:195.35,197.3 1 0
github.com/flext/flexcore/domain/entities/plugin.go:199.2,210.29 5 0
github.com/flext/flexcore/domain/entities/plugin.go:214.51,215.38 1 0
github.com/flext/flexcore/domain/entities/plugin.go:215.38,217.3 1 0
github.com/flext/flexcore/domain/entities/plugin.go:219.2,230.29 5 0
github.com/flext/flexcore/domain/entities/plugin.go:234.48,246.2 4 0
github.com/flext/flexcore/domain/entities/plugin.go:249.82,250.19 1 0
github.com/flext/flexcore/domain/entities/plugin.go:250.19,252.3 1 0
github.com/flext/flexcore/domain/entities/plugin.go:254.2,255.27 2 0
github.com/flext/flexcore/domain/entities/plugin.go:255.27,257.3 1 0
github.com/flext/flexcore/domain/entities/plugin.go:258.2,268.29 4 0
github.com/flext/flexcore/domain/entities/plugin.go:272.71,273.22 1 0
github.com/flext/flexcore/domain/entities/plugin.go:273.22,275.3 1 0
github.com/flext/flexcore/domain/entities/plugin.go:278.2,278.42 1 0
github.com/flext/flexcore/domain/entities/plugin.go:278.42,279.29 1 0
github.com/flext/flexcore/domain/entities/plugin.go:279.29,281.4 1 0
github.com/flext/flexcore/domain/entities/plugin.go:284.2,287.29 3 0
github.com/flext/flexcore/domain/entities/plugin.go:291.74,292.42 1 0
github.com/flext/flexcore/domain/entities/plugin.go:292.42,293.29 1 0
github.com/flext/flexcore/domain/entities/plugin.go:293.29,297.4 3 0
github.com/flext/flexcore/domain/entities/plugin.go:300.2,300.77 1 0
github.com/flext/flexcore/domain/entities/plugin.go:304.56,305.42 1 0
github.com/flext/flexcore/domain/entities/plugin.go:305.42,306.29 1 0
github.com/flext/flexcore/domain/entities/plugin.go:306.29,308.4 1 0
github.com/flext/flexcore/domain/entities/plugin.go:310.2,310.14 1 0
github.com/flext/flexcore/domain/entities/plugin.go:314.51,316.2 1 0
github.com/flext/flexcore/domain/entities/plugin.go:319.32,321.2 1 0
github.com/flext/flexcore/domain/entities/plugin.go:324.53,326.2 1 0
github.com/flext/flexcore/domain/entities/plugin.go:329.55,331.22 1 0
github.com/flext/flexcore/domain/entities/plugin.go:332.27,333.91 1 0
github.com/flext/flexcore/domain/entities/plugin.go:334.29,335.91 1 0
github.com/flext/flexcore/domain/entities/plugin.go:336.24,337.15 1 0
github.com/flext/flexcore/domain/entities/plugin.go:338.27,339.14 1 0
github.com/flext/flexcore/domain/entities/plugin.go:340.10,341.15 1 0
github.com/flext/flexcore/domain/entities/plugin.go:346.49,347.16 1 0
github.com/flext/flexcore/domain/entities/plugin.go:347.16,349.3 1 0
github.com/flext/flexcore/domain/entities/plugin.go:351.2,351.18 1 0
github.com/flext/flexcore/domain/entities/plugin.go:351.18,353.3 1 0
github.com/flext/flexcore/domain/entities/plugin.go:355.2,355.21 1 0
github.com/flext/flexcore/domain/entities/plugin.go:355.21,357.3 1 0
github.com/flext/flexcore/domain/entities/plugin.go:359.2,359.26 1 0
github.com/flext/flexcore/domain/entities/plugin.go:359.26,361.3 1 0
github.com/flext/flexcore/domain/entities/plugin.go:363.2,363.26 1 0
github.com/flext/flexcore/domain/entities/plugin.go:363.26,365.3 1 0
github.com/flext/flexcore/domain/entities/plugin.go:367.2,367.29 1 0
github.com/flext/flexcore/domain/base.go:19.46,27.2 2 8
github.com/flext/flexcore/domain/base.go:30.29,33.2 2 1
github.com/flext/flexcore/domain/base.go:36.50,38.2 1 2
github.com/flext/flexcore/domain/base.go:53.60,58.2 1 3
github.com/flext/flexcore/domain/base.go:61.59,63.2 1 3
github.com/flext/flexcore/domain/base.go:66.58,68.2 1 5
github.com/flext/flexcore/domain/base.go:71.43,73.2 1 1
github.com/flext/flexcore/domain/base.go:92.72,99.2 1 1
github.com/flext/flexcore/domain/base.go:102.43,104.2 1 1
github.com/flext/flexcore/domain/base.go:107.45,109.2 1 1
github.com/flext/flexcore/domain/base.go:112.49,114.2 1 2
github.com/flext/flexcore/domain/base.go:117.47,119.2 1 1
github.com/flext/flexcore/domain/base.go:122.93,124.2 1 0
github.com/flext/flexcore/domain/base.go:127.97,129.2 1 0
github.com/flext/flexcore/domain/base.go:132.83,134.2 1 0
github.com/flext/flexcore/domain/base.go:158.71,160.2 1 5
github.com/flext/flexcore/domain/base.go:163.61,165.2 1 23
github.com/flext/flexcore/domain/base.go:168.77,169.46 1 1
github.com/flext/flexcore/domain/base.go:169.46,171.3 1 3
github.com/flext/flexcore/domain/base.go:175.76,176.46 1 1
github.com/flext/flexcore/domain/base.go:176.46,178.3 1 3
github.com/flext/flexcore/domain/base.go:182.55,183.46 1 1
github.com/flext/flexcore/domain/base.go:183.46,185.3 1 2
github.com/flext/flexcore/domain/base.go:199.54,201.2 1 1
github.com/flext/flexcore/domain/base.go:204.42,206.2 1 1
github.com/flext/flexcore/infrastructure/config/manager.go:43.78,52.60 2 0
github.com/flext/flexcore/infrastructure/config/manager.go:52.60,54.3 1 0
github.com/flext/flexcore/infrastructure/config/manager.go:57.2,63.30 5 0
github.com/flext/flexcore/infrastructure/config/manager.go:63.30,65.3 1 0
github.com/flext/flexcore/infrastructure/config/manager.go:68.2,68.33 1 0
github.com/flext/flexcore/infrastructure/config/manager.go:68.33,69.53 1 0
github.com/flext/flexcore/infrastructure/config/manager.go:69.53,71.4 1 0
github.com/flext/flexcore/infrastructure/config/manager.go:74.2,74.32 1 0
github.com/flext/flexcore/infrastructure/config/manager.go:78.59,79.32 1 0
github.com/flext/flexcore/infrastructure/config/manager.go:79.32,82.3 2 0
github.com/flext/flexcore/infrastructure/config/manager.go:86.65,87.32 1 0
github.com/flext/flexcore/infrastructure/config/manager.go:87.32,90.3 2 0
github.com/flext/flexcore/infrastructure/config/manager.go:94.60,95.32 1 0
github.com/flext/flexcore/infrastructure/config/manager.go:95.32,98.3 2 0
github.com/flext/flexcore/infrastructure/config/manager.go:102.70,103.32 1 0
github.com/flext/flexcore/infrastructure/config/manager.go:103.32,106.3 2 0
github.com/flext/flexcore/infrastructure/config/manager.go:110.32,115.24 3 0
github.com/flext/flexcore/infrastructure/config/manager.go:115.24,116.48 1 0
github.com/flext/flexcore/infrastructure/config/manager.go:116.48,117.57 1 0
github.com/flext/flexcore/infrastructure/config/manager.go:117.57,119.5 1 0
github.com/flext/flexcore/infrastructure/config/manager.go:124.2,124.27 1 0
github.com/flext/flexcore/infrastructure/config/manager.go:124.27,125.52 1 0
github.com/flext/flexcore/infrastructure/config/manager.go:125.52,127.4 1 0
github.com/flext/flexcore/infrastructure/config/manager.go:131.2,131.37 1 0
github.com/flext/flexcore/infrastructure/config/manager.go:131.37,133.3 1 0
github.com/flext/flexcore/infrastructure/config/manager.go:135.2,135.12 1 0
github.com/flext/flexcore/infrastructure/config/manager.go:139.39,140.24 1 0
github.com/flext/flexcore/infrastructure/config/manager.go:140.24,142.3 1 0
github.com/flext/flexcore/infrastructure/config/manager.go:144.2,145.48 2 0
github.com/flext/flexcore/infrastructure/config/manager.go:145.48,147.3 1 0
github.com/flext/flexcore/infrastructure/config/manager.go:149.2,149.12 1 0
github.com/flext/flexcore/infrastructure/config/manager.go:153.67,154.27 1 0
github.com/flext/flexcore/infrastructure/config/manager.go:154.27,156.3 1 0
github.com/flext/flexcore/infrastructure/config/manager.go:158.2,158.12 1 0
github.com/flext/flexcore/infrastructure/config/manager.go:158.12,162.22 3 0
github.com/flext/flexcore/infrastructure/config/manager.go:162.22,163.54 1 0
github.com/flext/flexcore/infrastructure/config/manager.go:163.55,165.5 0 0
github.com/flext/flexcore/infrastructure/config/manager.go:169.2,169.12 1 0
github.com/flext/flexcore/infrastructure/config/manager.go:173.47,177.2 3 0
github.com/flext/flexcore/infrastructure/config/manager.go:180.48,184.2 3 0
github.com/flext/flexcore/infrastructure/config/manager.go:187.42,191.2 3 0
github.com/flext/flexcore/infrastructure/config/manager.go:194.44,198.2 3 0
github.com/flext/flexcore/infrastructure/config/manager.go:201.57,205.2 3 0
github.com/flext/flexcore/infrastructure/config/manager.go:208.55,212.2 3 0
github.com/flext/flexcore/infrastructure/config/manager.go:215.67,219.2 3 0
github.com/flext/flexcore/infrastructure/config/manager.go:222.90,226.2 3 0
github.com/flext/flexcore/infrastructure/config/manager.go:229.105,233.2 3 0
github.com/flext/flexcore/infrastructure/config/manager.go:236.54,240.2 3 0
github.com/flext/flexcore/infrastructure/config/manager.go:243.61,247.2 3 0
github.com/flext/flexcore/infrastructure/config/manager.go:250.42,254.2 3 0
github.com/flext/flexcore/infrastructure/config/manager.go:257.38,261.2 3 0
github.com/flext/flexcore/infrastructure/config/manager.go:264.56,268.2 3 0
github.com/flext/flexcore/infrastructure/config/manager.go:271.53,275.2 3 0
github.com/flext/flexcore/infrastructure/config/manager.go:278.59,282.2 3 0
github.com/flext/flexcore/infrastructure/config/manager.go:285.36,288.41 2 0
github.com/flext/flexcore/infrastructure/config/manager.go:288.41,289.43 1 0
github.com/flext/flexcore/infrastructure/config/manager.go:289.43,291.4 1 0
github.com/flext/flexcore/infrastructure/config/manager.go:294.2,294.12 1 0
github.com/flext/flexcore/infrastructure/config/manager.go:298.40,304.37 4 0
github.com/flext/flexcore/infrastructure/config/manager.go:304.37,307.3 1 0
github.com/flext/flexcore/infrastructure/config/manager.go:309.2,316.35 6 0
github.com/flext/flexcore/infrastructure/config/manager.go:316.35,318.3 1 0
github.com/flext/flexcore/infrastructure/config/manager.go:322.45,323.27 1 0
github.com/flext/flexcore/infrastructure/config/manager.go:323.27,325.3 1 0
github.com/flext/flexcore/infrastructure/config/manager.go:327.2,328.33 2 0
github.com/flext/flexcore/infrastructure/config/manager.go:329.16,330.90 1 0
github.com/flext/flexcore/infrastructure/config/manager.go:331.14,332.88 1 0
github.com/flext/flexcore/infrastructure/config/manager.go:333.19,334.93 1 0
github.com/flext/flexcore/infrastructure/config/manager.go:335.10,336.91 1 0
github.com/flext/flexcore/infrastructure/config/manager.go:339.2,339.16 1 0
github.com/flext/flexcore/infrastructure/config/manager.go:339.16,341.3 1 0
github.com/flext/flexcore/infrastructure/config/manager.go:343.2,343.40 1 0
github.com/flext/flexcore/infrastructure/config/manager.go:343.40,350.17 2 0
github.com/flext/flexcore/infrastructure/config/manager.go:350.17,352.4 1 0
github.com/flext/flexcore/infrastructure/config/manager.go:355.2,355.12 1 0
github.com/flext/flexcore/infrastructure/config/manager.go:365.56,370.2 1 0
github.com/flext/flexcore/infrastructure/config/manager.go:373.76,376.2 2 0
github.com/flext/flexcore/infrastructure/config/manager.go:379.86,380.29 1 0
github.com/flext/flexcore/infrastructure/config/manager.go:380.29,382.3 1 0
github.com/flext/flexcore/infrastructure/config/manager.go:383.2,383.10 1 0
github.com/flext/flexcore/infrastructure/config/manager.go:387.62,391.2 3 0
github.com/flext/flexcore/infrastructure/config/manager.go:394.63,399.2 4 0
github.com/flext/flexcore/infrastructure/config/manager.go:402.39,403.29 1 0
github.com/flext/flexcore/infrastructure/config/manager.go:403.29,405.3 1 0
github.com/flext/flexcore/infrastructure/config/manager.go:406.2,406.25 1 0
github.com/flext/flexcore/infrastructure/config/manager.go:416.74,421.2 1 0
github.com/flext/flexcore/infrastructure/config/manager.go:424.50,426.65 2 0
github.com/flext/flexcore/infrastructure/config/manager.go:426.65,428.3 1 0
github.com/flext/flexcore/infrastructure/config/manager.go:429.2,429.31 1 0
github.com/flext/flexcore/infrastructure/config/manager.go:433.59,434.63 1 0
github.com/flext/flexcore/infrastructure/config/manager.go:434.63,438.59 2 0
github.com/flext/flexcore/infrastructure/config/manager.go:438.59,439.50 1 0
github.com/flext/flexcore/infrastructure/config/manager.go:439.50,441.38 1 0
github.com/flext/flexcore/infrastructure/config/manager.go:441.38,443.6 1 0
github.com/flext/flexcore/infrastructure/config/manager.go:448.3,448.59 1 0
github.com/flext/flexcore/infrastructure/config/manager.go:448.59,449.50 1 0
github.com/flext/flexcore/infrastructure/config/manager.go:449.50,451.38 1 0
github.com/flext/flexcore/infrastructure/config/manager.go:451.38,453.6 1 0
github.com/flext/flexcore/infrastructure/config/manager.go:457.3,457.30 1 0
github.com/flext/flexcore/infrastructure/config/manager.go:506.69,508.60 2 0
github.com/flext/flexcore/infrastructure/config/manager.go:508.60,510.3 1 0
github.com/flext/flexcore/infrastructure/config/manager.go:511.2,511.31 1 0
github.com/flext/flexcore/infrastructure/config/manager.go:515.65,517.58 2 0
github.com/flext/flexcore/infrastructure/config/manager.go:517.58,519.3 1 0
github.com/flext/flexcore/infrastructure/config/manager.go:520.2,520.31 1 0
github.com/flext/flexcore/infrastructure/config/manager.go:524.59,526.59 2 0
github.com/flext/flexcore/infrastructure/config/manager.go:526.59,528.3 1 0
github.com/flext/flexcore/infrastructure/config/manager.go:529.2,529.31 1 0
github.com/flext/flexcore/infrastructure/handlers/chain.go:45.49,47.2 1 0
github.com/flext/flexcore/infrastructure/handlers/chain.go:50.47,51.47 1 0
github.com/flext/flexcore/infrastructure/handlers/chain.go:51.47,53.3 1 0
github.com/flext/flexcore/infrastructure/handlers/chain.go:54.2,54.16 1 0
github.com/flext/flexcore/infrastructure/handlers/chain.go:58.58,63.2 4 0
github.com/flext/flexcore/infrastructure/handlers/chain.go:66.45,68.2 1 0
github.com/flext/flexcore/infrastructure/handlers/chain.go:74.87,76.2 1 0
github.com/flext/flexcore/infrastructure/handlers/chain.go:81.85,82.36 1 0
github.com/flext/flexcore/infrastructure/handlers/chain.go:82.36,83.85 1 0
github.com/flext/flexcore/infrastructure/handlers/chain.go:83.85,96.26 5 0
github.com/flext/flexcore/infrastructure/handlers/chain.go:96.26,103.5 2 0
github.com/flext/flexcore/infrastructure/handlers/chain.go:103.10,109.5 1 0
github.com/flext/flexcore/infrastructure/handlers/chain.go:111.4,111.17 1 0
github.com/flext/flexcore/infrastructure/handlers/chain.go:117.38,118.36 1 0
github.com/flext/flexcore/infrastructure/handlers/chain.go:118.36,119.92 1 0
github.com/flext/flexcore/infrastructure/handlers/chain.go:119.92,120.17 1 0
github.com/flext/flexcore/infrastructure/handlers/chain.go:120.17,121.33 1 0
github.com/flext/flexcore/infrastructure/handlers/chain.go:121.33,124.6 2 0
github.com/flext/flexcore/infrastructure/handlers/chain.go:127.4,127.32 1 0
github.com/flext/flexcore/infrastructure/handlers/chain.go:133.58,134.36 1 0
github.com/flext/flexcore/infrastructure/handlers/chain.go:134.36,135.85 1 0
github.com/flext/flexcore/infrastructure/handlers/chain.go:135.85,141.14 4 0
github.com/flext/flexcore/infrastructure/handlers/chain.go:141.14,143.5 1 0
github.com/flext/flexcore/infrastructure/handlers/chain.go:145.4,145.11 1 0
github.com/flext/flexcore/infrastructure/handlers/chain.go:146.26,147.18 1 0
github.com/flext/flexcore/infrastructure/handlers/chain.go:148.22,149.76 1 0
github.com/flext/flexcore/infrastructure/handlers/chain.go:156.72,157.36 1 0
github.com/flext/flexcore/infrastructure/handlers/chain.go:157.36,158.85 1 0
github.com/flext/flexcore/infrastructure/handlers/chain.go:158.85,161.55 2 0
github.com/flext/flexcore/infrastructure/handlers/chain.go:161.55,162.20 1 0
github.com/flext/flexcore/infrastructure/handlers/chain.go:162.20,163.13 1 0
github.com/flext/flexcore/infrastructure/handlers/chain.go:164.58,164.58 0 0
github.com/flext/flexcore/infrastructure/handlers/chain.go:165.24,166.49 1 0
github.com/flext/flexcore/infrastructure/handlers/chain.go:170.5,171.27 2 0
github.com/flext/flexcore/infrastructure/handlers/chain.go:171.27,173.6 1 0
github.com/flext/flexcore/infrastructure/handlers/chain.go:175.5,178.55 2 0
github.com/flext/flexcore/infrastructure/handlers/chain.go:178.55,181.48 1 0
github.com/flext/flexcore/infrastructure/handlers/chain.go:181.48,183.7 1 0
github.com/flext/flexcore/infrastructure/handlers/chain.go:187.4,187.97 1 0
github.com/flext/flexcore/infrastructure/handlers/chain.go:193.71,194.36 1 0
github.com/flext/flexcore/infrastructure/handlers/chain.go:194.36,195.85 1 0
github.com/flext/flexcore/infrastructure/handlers/chain.go:195.85,197.30 2 0
github.com/flext/flexcore/infrastructure/handlers/chain.go:197.30,199.5 1 0
github.com/flext/flexcore/infrastructure/handlers/chain.go:202.4,205.32 3 0
github.com/flext/flexcore/infrastructure/handlers/chain.go:216.59,217.36 1 0
github.com/flext/flexcore/infrastructure/handlers/chain.go:217.36,218.85 1 0
github.com/flext/flexcore/infrastructure/handlers/chain.go:218.85,219.50 1 0
github.com/flext/flexcore/infrastructure/handlers/chain.go:219.50,221.5 1 0
github.com/flext/flexcore/infrastructure/handlers/chain.go:223.4,223.32 1 0
github.com/flext/flexcore/infrastructure/handlers/chain.go:234.61,235.36 1 0
github.com/flext/flexcore/infrastructure/handlers/chain.go:235.36,236.85 1 0
github.com/flext/flexcore/infrastructure/handlers/chain.go:236.85,237.32 1 0
github.com/flext/flexcore/infrastructure/handlers/chain.go:237.32,239.5 1 0
github.com/flext/flexcore/infrastructure/handlers/chain.go:241.4,241.32 1 0
github.com/flext/flexcore/infrastructure/handlers/chain.go:252.63,253.36 1 0
github.com/flext/flexcore/infrastructure/handlers/chain.go:253.36,254.85 1 0
github.com/flext/flexcore/infrastructure/handlers/chain.go:254.85,262.26 5 0
github.com/flext/flexcore/infrastructure/handlers/chain.go:262.26,264.5 1 0
github.com/flext/flexcore/infrastructure/handlers/chain.go:264.10,266.5 1 0
github.com/flext/flexcore/infrastructure/handlers/chain.go:268.4,270.17 2 0
github.com/flext/flexcore/infrastructure/handlers/chain.go:281.50,282.36 1 0
github.com/flext/flexcore/infrastructure/handlers/chain.go:282.36,283.85 1 0
github.com/flext/flexcore/infrastructure/handlers/chain.go:283.85,294.26 8 0
github.com/flext/flexcore/infrastructure/handlers/chain.go:294.26,296.5 1 0
github.com/flext/flexcore/infrastructure/handlers/chain.go:296.10,298.5 1 0
github.com/flext/flexcore/infrastructure/handlers/chain.go:300.4,300.17 1 0
github.com/flext/flexcore/infrastructure/handlers/chain.go:319.51,320.36 1 0
github.com/flext/flexcore/infrastructure/handlers/chain.go:320.36,321.85 1 0
github.com/flext/flexcore/infrastructure/handlers/chain.go:321.85,323.33 1 0
github.com/flext/flexcore/infrastructure/handlers/chain.go:323.33,332.5 1 0
github.com/flext/flexcore/infrastructure/handlers/chain.go:334.4,337.26 2 0
github.com/flext/flexcore/infrastructure/handlers/chain.go:337.26,341.5 3 0
github.com/flext/flexcore/infrastructure/handlers/chain.go:343.4,343.17 1 0
github.com/flext/flexcore/infrastructure/handlers/chain.go:356.41,357.36 1 0
github.com/flext/flexcore/infrastructure/handlers/chain.go:357.36,358.85 1 0
github.com/flext/flexcore/infrastructure/handlers/chain.go:358.85,361.26 2 0
github.com/flext/flexcore/infrastructure/handlers/chain.go:361.27,364.5 0 0
github.com/flext/flexcore/infrastructure/handlers/chain.go:366.4,366.17 1 0
github.com/flext/flexcore/infrastructure/handlers/chain.go:372.46,373.36 1 0
github.com/flext/flexcore/infrastructure/handlers/chain.go:373.36,374.85 1 0
github.com/flext/flexcore/infrastructure/handlers/chain.go:374.85,376.29 1 0
github.com/flext/flexcore/infrastructure/handlers/chain.go:376.29,378.5 1 0
github.com/flext/flexcore/infrastructure/handlers/chain.go:380.4,383.52 2 0
github.com/flext/flexcore/infrastructure/handlers/chain.go:383.52,384.42 1 0
github.com/flext/flexcore/infrastructure/handlers/chain.go:384.42,386.6 1 0
github.com/flext/flexcore/infrastructure/handlers/chain.go:390.4,393.26 2 0
github.com/flext/flexcore/infrastructure/handlers/chain.go:393.26,395.5 1 0
github.com/flext/flexcore/infrastructure/handlers/chain.go:397.4,397.17 1 0
github.com/flext/flexcore/infrastructure/handlers/chain.go:409.109,410.36 1 0
github.com/flext/flexcore/infrastructure/handlers/chain.go:410.36,411.85 1 0
github.com/flext/flexcore/infrastructure/handlers/chain.go:411.85,413.29 1 0
github.com/flext/flexcore/infrastructure/handlers/chain.go:413.29,415.19 2 0
github.com/flext/flexcore/infrastructure/handlers/chain.go:415.19,417.6 1 0
github.com/flext/flexcore/infrastructure/handlers/chain.go:418.5,418.25 1 0
github.com/flext/flexcore/infrastructure/handlers/chain.go:422.4,425.49 2 0
github.com/flext/flexcore/infrastructure/handlers/chain.go:425.49,427.19 2 0
github.com/flext/flexcore/infrastructure/handlers/chain.go:427.19,429.6 1 0
github.com/flext/flexcore/infrastructure/handlers/chain.go:430.5,430.43 1 0
github.com/flext/flexcore/infrastructure/handlers/chain.go:433.4,433.14 1 0
github.com/flext/flexcore/infrastructure/handlers/chain.go:460.58,460.74 1 0
github.com/flext/flexcore/infrastructure/handlers/chain.go:461.58,461.73 1 0
github.com/flext/flexcore/infrastructure/handlers/chain.go:462.58,462.77 1 0
github.com/flext/flexcore/infrastructure/handlers/chain.go:463.58,463.75 1 0
github.com/flext/flexcore/infrastructure/handlers/chain.go:464.58,464.78 1 0
github.com/flext/flexcore/infrastructure/handlers/chain.go:465.58,465.75 1 0
github.com/flext/flexcore/infrastructure/handlers/chain.go:474.55,474.74 1 0
github.com/flext/flexcore/infrastructure/handlers/chain.go:475.56,475.76 1 0
github.com/flext/flexcore/infrastructure/handlers/chain.go:476.56,476.73 1 0
github.com/flext/flexcore/infrastructure/handlers/chain.go:484.38,488.2 1 0
github.com/flext/flexcore/infrastructure/handlers/chain.go:491.65,494.2 2 0
github.com/flext/flexcore/infrastructure/handlers/chain.go:497.99,499.2 1 0
github.com/flext/flexcore/infrastructure/handlers/chain.go:502.52,504.2 1 0
github.com/flext/flexcore/infrastructure/handlers/chain.go:507.72,509.2 1 0
github.com/flext/flexcore/infrastructure/handlers/chain.go:512.86,514.2 1 0
github.com/flext/flexcore/infrastructure/handlers/chain.go:517.76,519.2 1 0
github.com/flext/flexcore/infrastructure/handlers/chain.go:522.73,524.2 1 0
github.com/flext/flexcore/infrastructure/handlers/chain.go:527.75,529.2 1 0
github.com/flext/flexcore/infrastructure/handlers/chain.go:532.77,534.2 1 0
github.com/flext/flexcore/infrastructure/handlers/chain.go:537.64,539.2 1 0
github.com/flext/flexcore/infrastructure/handlers/chain.go:542.39,544.2 1 0
github.com/flext/flexcore/infrastructure/di/advanced_container.go:46.48,54.2 1 0
github.com/flext/flexcore/infrastructure/di/advanced_container.go:57.67,64.2 5 0
github.com/flext/flexcore/infrastructure/di/advanced_container.go:67.95,71.35 3 0
github.com/flext/flexcore/infrastructure/di/advanced_container.go:71.35,73.3 1 0
github.com/flext/flexcore/infrastructure/di/advanced_container.go:76.2,79.38 3 0
github.com/flext/flexcore/infrastructure/di/advanced_container.go:79.38,84.46 3 0
github.com/flext/flexcore/infrastructure/di/advanced_container.go:84.46,86.12 2 0
github.com/flext/flexcore/infrastructure/di/advanced_container.go:90.3,91.58 2 0
github.com/flext/flexcore/infrastructure/di/advanced_container.go:91.58,95.12 3 0
github.com/flext/flexcore/infrastructure/di/advanced_container.go:99.3,99.81 1 0
github.com/flext/flexcore/infrastructure/di/advanced_container.go:99.81,101.4 1 0
github.com/flext/flexcore/infrastructure/di/advanced_container.go:101.9,101.74 1 0
github.com/flext/flexcore/infrastructure/di/advanced_container.go:101.74,103.4 1 0
github.com/flext/flexcore/infrastructure/di/advanced_container.go:103.9,106.4 1 0
github.com/flext/flexcore/infrastructure/di/advanced_container.go:110.2,113.23 2 0
github.com/flext/flexcore/infrastructure/di/advanced_container.go:113.23,115.3 1 0
github.com/flext/flexcore/infrastructure/di/advanced_container.go:118.2,118.22 1 0
github.com/flext/flexcore/infrastructure/di/advanced_container.go:118.22,120.66 2 0
github.com/flext/flexcore/infrastructure/di/advanced_container.go:120.66,122.4 1 0
github.com/flext/flexcore/infrastructure/di/advanced_container.go:125.2,125.52 1 0
github.com/flext/flexcore/infrastructure/di/advanced_container.go:129.90,131.2 1 0
github.com/flext/flexcore/infrastructure/di/advanced_container.go:134.75,139.2 1 0
github.com/flext/flexcore/infrastructure/di/advanced_container.go:142.77,149.2 1 0
github.com/flext/flexcore/infrastructure/di/advanced_container.go:152.40,157.2 1 0
github.com/flext/flexcore/infrastructure/di/advanced_container.go:163.15,169.2 1 0
github.com/flext/flexcore/infrastructure/di/advanced_container.go:177.72,179.16 2 0
github.com/flext/flexcore/infrastructure/di/advanced_container.go:179.16,181.3 1 0
github.com/flext/flexcore/infrastructure/di/advanced_container.go:182.2,182.30 1 0
github.com/flext/flexcore/infrastructure/di/advanced_container.go:185.84,187.12 2 0
github.com/flext/flexcore/infrastructure/di/advanced_container.go:187.12,190.3 2 0
github.com/flext/flexcore/infrastructure/di/advanced_container.go:191.2,191.11 1 0
github.com/flext/flexcore/infrastructure/di/advanced_container.go:194.51,196.2 1 0
github.com/flext/flexcore/infrastructure/di/advanced_container.go:206.74,208.28 2 0
github.com/flext/flexcore/infrastructure/di/advanced_container.go:208.28,211.3 2 0
github.com/flext/flexcore/infrastructure/di/advanced_container.go:212.2,218.28 4 0
github.com/flext/flexcore/infrastructure/di/advanced_container.go:218.28,220.3 1 0
github.com/flext/flexcore/infrastructure/di/advanced_container.go:222.2,223.16 2 0
github.com/flext/flexcore/infrastructure/di/advanced_container.go:223.16,225.3 1 0
github.com/flext/flexcore/infrastructure/di/advanced_container.go:227.2,228.30 2 0
github.com/flext/flexcore/infrastructure/di/advanced_container.go:237.51,242.2 1 0
github.com/flext/flexcore/infrastructure/di/advanced_container.go:244.70,246.2 1 0
github.com/flext/flexcore/infrastructure/di/advanced_container.go:248.82,253.2 4 0
github.com/flext/flexcore/infrastructure/di/advanced_container.go:255.49,257.2 1 0
github.com/flext/flexcore/infrastructure/di/advanced_container.go:268.73,270.28 2 0
github.com/flext/flexcore/infrastructure/di/advanced_container.go:270.28,273.3 2 0
github.com/flext/flexcore/infrastructure/di/advanced_container.go:274.2,280.16 5 0
github.com/flext/flexcore/infrastructure/di/advanced_container.go:280.16,282.3 1 0
github.com/flext/flexcore/infrastructure/di/advanced_container.go:284.2,285.30 2 0
github.com/flext/flexcore/infrastructure/di/advanced_container.go:288.85,290.12 2 0
github.com/flext/flexcore/infrastructure/di/advanced_container.go:290.12,293.3 2 0
github.com/flext/flexcore/infrastructure/di/advanced_container.go:294.2,294.11 1 0
github.com/flext/flexcore/infrastructure/di/advanced_container.go:297.52,299.2 1 0
github.com/flext/flexcore/infrastructure/di/advanced_container.go:301.47,305.48 3 0
github.com/flext/flexcore/infrastructure/di/advanced_container.go:305.48,307.42 2 0
github.com/flext/flexcore/infrastructure/di/advanced_container.go:307.42,309.4 1 0
github.com/flext/flexcore/infrastructure/di/advanced_container.go:310.3,310.34 1 0
github.com/flext/flexcore/infrastructure/di/advanced_container.go:312.2,312.12 1 0
github.com/flext/flexcore/infrastructure/di/advanced_container.go:316.83,320.2 3 0
github.com/flext/flexcore/infrastructure/di/advanced_container.go:323.93,327.53 3 0
github.com/flext/flexcore/infrastructure/di/advanced_container.go:327.53,329.3 1 0
github.com/flext/flexcore/infrastructure/di/advanced_container.go:330.2,330.74 1 0
github.com/flext/flexcore/infrastructure/di/advanced_container.go:334.69,338.2 3 0
github.com/flext/flexcore/infrastructure/di/advanced_container.go:341.102,346.13 4 0
github.com/flext/flexcore/infrastructure/di/advanced_container.go:346.13,348.3 1 0
github.com/flext/flexcore/infrastructure/di/advanced_container.go:351.2,352.36 2 0
github.com/flext/flexcore/infrastructure/di/advanced_container.go:352.36,354.3 1 0
github.com/flext/flexcore/infrastructure/di/advanced_container.go:357.2,357.48 1 0
github.com/flext/flexcore/infrastructure/di/advanced_container.go:357.48,360.36 3 0
github.com/flext/flexcore/infrastructure/di/advanced_container.go:360.36,362.4 1 0
github.com/flext/flexcore/infrastructure/di/advanced_container.go:365.2,367.31 2 0
github.com/flext/flexcore/infrastructure/di/advanced_container.go:367.31,369.3 1 0
github.com/flext/flexcore/infrastructure/di/advanced_container.go:371.2,378.19 5 0
github.com/flext/flexcore/infrastructure/di/advanced_container.go:378.19,379.40 1 0
github.com/flext/flexcore/infrastructure/di/advanced_container.go:379.40,381.4 1 0
github.com/flext/flexcore/infrastructure/di/advanced_container.go:384.2,385.9 2 0
github.com/flext/flexcore/infrastructure/di/advanced_container.go:385.9,387.3 1 0
github.com/flext/flexcore/infrastructure/di/advanced_container.go:389.2,389.30 1 0
github.com/flext/flexcore/infrastructure/di/advanced_container.go:393.61,403.2 5 0
github.com/flext/flexcore/infrastructure/di/advanced_container.go:406.74,410.45 3 0
github.com/flext/flexcore/infrastructure/di/advanced_container.go:410.45,412.3 1 0
github.com/flext/flexcore/infrastructure/di/advanced_container.go:413.2,413.32 1 0
github.com/flext/flexcore/infrastructure/di/advanced_container.go:417.91,425.21 6 0
github.com/flext/flexcore/infrastructure/di/advanced_container.go:425.21,427.3 1 0
github.com/flext/flexcore/infrastructure/di/advanced_container.go:430.2,430.28 1 0
github.com/flext/flexcore/infrastructure/di/advanced_container.go:430.28,432.3 1 0
github.com/flext/flexcore/infrastructure/di/advanced_container.go:435.2,435.36 1 0
github.com/flext/flexcore/infrastructure/di/advanced_container.go:435.36,437.3 1 0
github.com/flext/flexcore/infrastructure/di/advanced_container.go:440.2,440.46 1 0
github.com/flext/flexcore/infrastructure/di/advanced_container.go:440.46,444.36 4 0
github.com/flext/flexcore/infrastructure/di/advanced_container.go:444.36,446.4 1 0
github.com/flext/flexcore/infrastructure/di/advanced_container.go:450.2,451.24 2 0
github.com/flext/flexcore/infrastructure/di/advanced_container.go:451.24,453.3 1 0
github.com/flext/flexcore/infrastructure/di/advanced_container.go:454.2,454.12 1 0
github.com/flext/flexcore/infrastructure/di/advanced_container.go:458.92,461.2 1 0
github.com/flext/flexcore/infrastructure/di/advanced_container.go:464.81,469.51 3 0
github.com/flext/flexcore/infrastructure/di/advanced_container.go:469.51,471.25 2 0
github.com/flext/flexcore/infrastructure/di/advanced_container.go:471.25,473.4 1 0
github.com/flext/flexcore/infrastructure/di/advanced_container.go:477.2,477.14 1 0
github.com/flext/flexcore/infrastructure/di/advanced_container.go:478.16,481.40 1 0
github.com/flext/flexcore/infrastructure/di/advanced_container.go:481.40,482.45 1 0
github.com/flext/flexcore/infrastructure/di/advanced_container.go:482.45,483.40 1 0
github.com/flext/flexcore/infrastructure/di/advanced_container.go:483.40,485.6 1 0
github.com/flext/flexcore/infrastructure/di/advanced_container.go:488.13,490.40 1 0
github.com/flext/flexcore/infrastructure/di/advanced_container.go:490.40,491.45 1 0
github.com/flext/flexcore/infrastructure/di/advanced_container.go:491.45,492.37 1 0
github.com/flext/flexcore/infrastructure/di/advanced_container.go:492.37,494.6 1 0
github.com/flext/flexcore/infrastructure/di/advanced_container.go:499.2,499.12 1 0
github.com/flext/flexcore/infrastructure/di/advanced_container.go:503.110,508.55 3 0
github.com/flext/flexcore/infrastructure/di/advanced_container.go:508.55,510.25 2 0
github.com/flext/flexcore/infrastructure/di/advanced_container.go:510.25,512.4 1 0
github.com/flext/flexcore/infrastructure/di/advanced_container.go:516.2,516.18 1 0
github.com/flext/flexcore/infrastructure/di/advanced_container.go:517.16,519.50 1 0
github.com/flext/flexcore/infrastructure/di/advanced_container.go:519.50,520.45 1 0
github.com/flext/flexcore/infrastructure/di/advanced_container.go:520.45,521.40 1 0
github.com/flext/flexcore/infrastructure/di/advanced_container.go:521.40,523.6 1 0
github.com/flext/flexcore/infrastructure/di/advanced_container.go:526.13,528.50 1 0
github.com/flext/flexcore/infrastructure/di/advanced_container.go:528.50,529.45 1 0
github.com/flext/flexcore/infrastructure/di/advanced_container.go:529.45,530.37 1 0
github.com/flext/flexcore/infrastructure/di/advanced_container.go:530.37,532.6 1 0
github.com/flext/flexcore/infrastructure/di/advanced_container.go:537.2,537.16 1 0
github.com/flext/flexcore/infrastructure/di/advanced_container.go:546.56,550.2 1 0
github.com/flext/flexcore/infrastructure/di/advanced_container.go:552.70,553.67 1 0
github.com/flext/flexcore/infrastructure/di/advanced_container.go:553.67,556.3 1 0
github.com/flext/flexcore/infrastructure/di/advanced_container.go:559.80,560.83 1 0
github.com/flext/flexcore/infrastructure/di/advanced_container.go:560.83,563.3 1 0
github.com/flext/flexcore/infrastructure/di/advanced_container.go:571.46,575.2 1 0
github.com/flext/flexcore/infrastructure/di/advanced_container.go:577.96,580.2 2 0
github.com/flext/flexcore/infrastructure/di/advanced_container.go:582.117,585.2 2 0
github.com/flext/flexcore/infrastructure/di/advanced_container.go:587.115,590.2 2 0
github.com/flext/flexcore/infrastructure/di/advanced_container.go:592.80,595.2 2 0
github.com/flext/flexcore/infrastructure/di/advanced_container.go:597.87,600.2 2 0
github.com/flext/flexcore/infrastructure/di/advanced_container.go:602.55,604.2 1 0
github.com/flext/flexcore/infrastructure/di/advanced_container.go:609.79,610.106 1 0
github.com/flext/flexcore/infrastructure/di/advanced_container.go:610.106,613.25 3 0
github.com/flext/flexcore/infrastructure/di/advanced_container.go:613.25,615.4 1 0
github.com/flext/flexcore/infrastructure/di/advanced_container.go:615.9,617.4 1 0
github.com/flext/flexcore/infrastructure/di/advanced_container.go:618.3,618.16 1 0
github.com/flext/flexcore/infrastructure/di/advanced_container.go:623.99,624.106 1 0
github.com/flext/flexcore/infrastructure/di/advanced_container.go:624.106,628.3 3 0
github.com/flext/flexcore/infrastructure/di/advanced_container.go:632.59,634.106 2 0
github.com/flext/flexcore/infrastructure/di/advanced_container.go:634.106,636.51 2 0
github.com/flext/flexcore/infrastructure/di/advanced_container.go:636.51,639.4 2 0
github.com/flext/flexcore/infrastructure/di/advanced_container.go:640.3,643.25 3 0
github.com/flext/flexcore/infrastructure/di/advanced_container.go:643.25,647.4 3 0
github.com/flext/flexcore/infrastructure/di/advanced_container.go:648.3,648.16 1 0
github.com/flext/flexcore/infrastructure/di/container.go:41.32,46.2 1 0
github.com/flext/flexcore/infrastructure/di/container.go:49.51,51.2 1 0
github.com/flext/flexcore/infrastructure/di/container.go:54.60,56.2 1 0
github.com/flext/flexcore/infrastructure/di/container.go:59.82,61.40 2 0
github.com/flext/flexcore/infrastructure/di/container.go:61.40,62.38 1 0
github.com/flext/flexcore/infrastructure/di/container.go:65.2,65.31 1 0
github.com/flext/flexcore/infrastructure/di/container.go:65.31,66.50 1 0
github.com/flext/flexcore/infrastructure/di/container.go:69.2,80.3 5 0
github.com/flext/flexcore/infrastructure/di/container.go:84.60,98.2 6 0
github.com/flext/flexcore/infrastructure/di/container.go:101.52,107.16 5 0
github.com/flext/flexcore/infrastructure/di/container.go:107.16,109.3 1 0
github.com/flext/flexcore/infrastructure/di/container.go:111.2,112.9 2 0
github.com/flext/flexcore/infrastructure/di/container.go:112.9,114.3 1 0
github.com/flext/flexcore/infrastructure/di/container.go:116.2,116.38 1 0
github.com/flext/flexcore/infrastructure/di/container.go:120.82,122.16 2 0
github.com/flext/flexcore/infrastructure/di/container.go:122.16,124.3 1 0
github.com/flext/flexcore/infrastructure/di/container.go:125.2,125.33 1 0
github.com/flext/flexcore/infrastructure/di/container.go:129.41,131.2 1 0
github.com/flext/flexcore/infrastructure/di/container.go:134.70,137.13 3 0
github.com/flext/flexcore/infrastructure/di/container.go:137.13,140.3 2 0
github.com/flext/flexcore/infrastructure/di/container.go:143.2,143.26 1 0
github.com/flext/flexcore/infrastructure/di/container.go:143.26,144.59 1 0
github.com/flext/flexcore/infrastructure/di/container.go:144.59,147.4 2 0
github.com/flext/flexcore/infrastructure/di/container.go:149.2,153.16 3 0
github.com/flext/flexcore/infrastructure/di/container.go:153.16,155.3 1 0
github.com/flext/flexcore/infrastructure/di/container.go:158.2,158.26 1 0
github.com/flext/flexcore/infrastructure/di/container.go:158.26,162.3 3 0
github.com/flext/flexcore/infrastructure/di/container.go:164.2,164.22 1 0
github.com/flext/flexcore/infrastructure/di/container.go:168.88,169.31 1 0
github.com/flext/flexcore/infrastructure/di/container.go:169.31,171.3 1 0
github.com/flext/flexcore/infrastructure/di/container.go:173.2,178.43 4 0
github.com/flext/flexcore/infrastructure/di/container.go:178.43,183.17 4 0
github.com/flext/flexcore/infrastructure/di/container.go:183.17,185.4 1 0
github.com/flext/flexcore/infrastructure/di/container.go:187.3,187.40 1 0
github.com/flext/flexcore/infrastructure/di/container.go:191.2,192.23 2 0
github.com/flext/flexcore/infrastructure/di/container.go:192.23,194.3 1 0
github.com/flext/flexcore/infrastructure/di/container.go:196.2,199.22 2 0
github.com/flext/flexcore/infrastructure/di/container.go:199.22,200.66 1 0
github.com/flext/flexcore/infrastructure/di/container.go:200.66,202.4 1 0
github.com/flext/flexcore/infrastructure/di/container.go:205.2,205.22 1 0
github.com/flext/flexcore/infrastructure/di/container.go:209.54,210.39 1 0
github.com/flext/flexcore/infrastructure/di/container.go:210.39,212.3 1 0
github.com/flext/flexcore/infrastructure/di/container.go:214.2,214.45 1 0
github.com/flext/flexcore/infrastructure/di/container.go:214.45,216.3 1 0
github.com/flext/flexcore/infrastructure/di/container.go:218.2,218.72 1 0
github.com/flext/flexcore/infrastructure/di/container.go:222.59,227.2 4 0
github.com/flext/flexcore/infrastructure/di/container.go:230.54,235.31 4 0
github.com/flext/flexcore/infrastructure/di/container.go:235.31,237.3 1 0
github.com/flext/flexcore/infrastructure/di/container.go:238.2,238.17 1 0
github.com/flext/flexcore/infrastructure/di/container.go:242.29,248.2 4 0
github.com/flext/flexcore/infrastructure/di/container.go:251.40,258.43 4 0
github.com/flext/flexcore/infrastructure/di/container.go:258.43,260.3 1 0
github.com/flext/flexcore/infrastructure/di/container.go:262.2,262.14 1 0
github.com/flext/flexcore/examples/plugin/main.go:20.39,22.2 1 0
github.com/flext/flexcore/examples/plugin/main.go:24.42,26.2 1 0
github.com/flext/flexcore/examples/plugin/main.go:28.72,32.2 3 0
github.com/flext/flexcore/examples/plugin/main.go:34.116,64.2 3 0
github.com/flext/flexcore/examples/plugin/main.go:66.107,75.2 2 0
github.com/flext/flexcore/examples/plugin/main.go:77.122,83.37 3 0
github.com/flext/flexcore/examples/plugin/main.go:83.37,85.33 2 0
github.com/flext/flexcore/examples/plugin/main.go:85.33,86.33 1 0
github.com/flext/flexcore/examples/plugin/main.go:86.33,88.5 1 0
github.com/flext/flexcore/examples/plugin/main.go:88.10,90.5 1 0
github.com/flext/flexcore/examples/plugin/main.go:93.3,97.4 1 0
github.com/flext/flexcore/examples/plugin/main.go:100.2,105.8 1 0
github.com/flext/flexcore/examples/plugin/main.go:108.64,111.2 1 0
github.com/flext/flexcore/examples/plugin/main.go:118.72,120.2 1 0
github.com/flext/flexcore/examples/plugin/main.go:122.89,124.2 1 0
github.com/flext/flexcore/examples/plugin/main.go:131.71,134.2 2 0
github.com/flext/flexcore/examples/plugin/main.go:136.74,139.2 2 0
github.com/flext/flexcore/examples/plugin/main.go:141.92,143.2 1 0
github.com/flext/flexcore/examples/plugin/main.go:145.102,147.16 2 0
github.com/flext/flexcore/examples/plugin/main.go:147.16,149.3 1 0
github.com/flext/flexcore/examples/plugin/main.go:150.2,151.12 2 0
github.com/flext/flexcore/examples/plugin/main.go:154.93,156.16 2 0
github.com/flext/flexcore/examples/plugin/main.go:156.16,158.3 1 0
github.com/flext/flexcore/examples/plugin/main.go:159.2,160.12 2 0
github.com/flext/flexcore/examples/plugin/main.go:163.108,165.16 2 0
github.com/flext/flexcore/examples/plugin/main.go:165.16,167.3 1 0
github.com/flext/flexcore/examples/plugin/main.go:168.2,169.12 2 0
github.com/flext/flexcore/examples/plugin/main.go:172.83,174.2 1 0
github.com/flext/flexcore/examples/plugin/main.go:181.42,185.2 3 0
github.com/flext/flexcore/examples/plugin/main.go:187.45,191.2 3 0
github.com/flext/flexcore/examples/plugin/main.go:193.75,196.2 2 0
github.com/flext/flexcore/examples/plugin/main.go:198.119,202.2 3 0
github.com/flext/flexcore/examples/plugin/main.go:204.110,208.2 3 0
github.com/flext/flexcore/examples/plugin/main.go:210.125,214.2 3 0
github.com/flext/flexcore/examples/plugin/main.go:216.67,219.2 2 0
github.com/flext/flexcore/examples/plugin/main.go:233.13,251.2 2 0
github.com/flext/flexcore/infrastructure/observability/metrics.go:68.46,76.2 1 0
github.com/flext/flexcore/infrastructure/observability/metrics.go:79.38,83.2 3 0
github.com/flext/flexcore/infrastructure/observability/metrics.go:86.39,90.2 3 0
github.com/flext/flexcore/infrastructure/observability/metrics.go:93.46,97.2 3 0
github.com/flext/flexcore/infrastructure/observability/metrics.go:102.83,104.2 1 0
github.com/flext/flexcore/infrastructure/observability/metrics.go:107.92,108.21 1 0
github.com/flext/flexcore/infrastructure/observability/metrics.go:108.21,110.3 1 0
github.com/flext/flexcore/infrastructure/observability/metrics.go:112.2,117.13 5 0
github.com/flext/flexcore/infrastructure/observability/metrics.go:117.13,123.3 2 0
github.com/flext/flexcore/infrastructure/observability/metrics.go:125.2,127.21 3 0
github.com/flext/flexcore/infrastructure/observability/metrics.go:131.83,136.49 4 0
github.com/flext/flexcore/infrastructure/observability/metrics.go:136.49,140.3 3 0
github.com/flext/flexcore/infrastructure/observability/metrics.go:141.2,141.10 1 0
github.com/flext/flexcore/infrastructure/observability/metrics.go:147.90,148.21 1 0
github.com/flext/flexcore/infrastructure/observability/metrics.go:148.21,150.3 1 0
github.com/flext/flexcore/infrastructure/observability/metrics.go:152.2,157.13 5 0
github.com/flext/flexcore/infrastructure/observability/metrics.go:157.13,163.3 2 0
github.com/flext/flexcore/infrastructure/observability/metrics.go:165.2,167.19 3 0
github.com/flext/flexcore/infrastructure/observability/metrics.go:171.83,176.45 4 0
github.com/flext/flexcore/infrastructure/observability/metrics.go:176.45,180.3 3 0
github.com/flext/flexcore/infrastructure/observability/metrics.go:181.2,181.10 1 0
github.com/flext/flexcore/infrastructure/observability/metrics.go:187.97,188.21 1 0
github.com/flext/flexcore/infrastructure/observability/metrics.go:188.21,190.3 1 0
github.com/flext/flexcore/infrastructure/observability/metrics.go:192.2,197.13 5 0
github.com/flext/flexcore/infrastructure/observability/metrics.go:197.13,206.3 2 0
github.com/flext/flexcore/infrastructure/observability/metrics.go:208.2,215.38 5 0
github.com/flext/flexcore/infrastructure/observability/metrics.go:215.38,216.22 1 0
github.com/flext/flexcore/infrastructure/observability/metrics.go:216.22,218.9 2 0
github.com/flext/flexcore/infrastructure/observability/metrics.go:222.2,222.47 1 0
github.com/flext/flexcore/infrastructure/observability/metrics.go:222.47,224.3 1 0
github.com/flext/flexcore/infrastructure/observability/metrics.go:230.67,236.2 1 0
github.com/flext/flexcore/infrastructure/observability/metrics.go:246.46,250.2 3 0
github.com/flext/flexcore/infrastructure/observability/metrics.go:253.78,254.21 1 0
github.com/flext/flexcore/infrastructure/observability/metrics.go:254.21,256.3 1 0
github.com/flext/flexcore/infrastructure/observability/metrics.go:258.2,262.13 4 0
github.com/flext/flexcore/infrastructure/observability/metrics.go:262.13,267.3 2 0
github.com/flext/flexcore/infrastructure/observability/metrics.go:269.2,272.33 3 0
github.com/flext/flexcore/infrastructure/observability/metrics.go:272.33,274.3 1 0
github.com/flext/flexcore/infrastructure/observability/metrics.go:275.2,278.71 2 0
github.com/flext/flexcore/infrastructure/observability/metrics.go:282.59,290.38 5 0
github.com/flext/flexcore/infrastructure/observability/metrics.go:290.38,300.3 3 0
github.com/flext/flexcore/infrastructure/observability/metrics.go:303.2,303.34 1 0
github.com/flext/flexcore/infrastructure/observability/metrics.go:303.34,313.3 3 0
github.com/flext/flexcore/infrastructure/observability/metrics.go:316.2,316.37 1 0
github.com/flext/flexcore/infrastructure/observability/metrics.go:316.37,333.3 4 0
github.com/flext/flexcore/infrastructure/observability/metrics.go:335.2,335.16 1 0
github.com/flext/flexcore/infrastructure/observability/metrics.go:339.37,347.2 6 0
github.com/flext/flexcore/infrastructure/observability/metrics.go:350.86,352.17 2 0
github.com/flext/flexcore/infrastructure/observability/metrics.go:352.17,353.26 1 0
github.com/flext/flexcore/infrastructure/observability/metrics.go:353.26,355.4 1 0
[...]
github.com/flext/flexcore/infrastructure/persistence/repository.go:476.16,478.3 1 0
github.com/flext/flexcore/infrastructure/persistence/repository.go:481.2,490.67 4 0
github.com/flext/flexcore/infrastructure/persistence/repository.go:490.67,492.3 1 0
github.com/flext/flexcore/infrastructure/persistence/repository.go:495.2,495.24 1 0
github.com/flext/flexcore/infrastructure/persistence/repository.go:495.24,497.80 2 0
github.com/flext/flexcore/infrastructure/persistence/repository.go:497.80,499.4 1 0
github.com/flext/flexcore/infrastructure/persistence/repository.go:500.3,500.32 1 0
github.com/flext/flexcore/infrastructure/persistence/repository.go:504.2,504.21 1 0
github.com/flext/flexcore/infrastructure/persistence/repository.go:504.21,506.3 1 0
github.com/flext/flexcore/infrastructure/persistence/repository.go:507.2,507.21 1 0
github.com/flext/flexcore/infrastructure/persistence/repository.go:507.21,509.3 1 0
github.com/flext/flexcore/infrastructure/persistence/repository.go:511.2,511.22 1 0
github.com/flext/flexcore/infrastructure/persistence/repository.go:515.100,518.18 2 0
github.com/flext/flexcore/infrastructure/persistence/repository.go:518.18,547.17 4 0
github.com/flext/flexcore/infrastructure/persistence/repository.go:547.17,549.4 1 0
github.com/flext/flexcore/infrastructure/persistence/repository.go:552.3,556.68 4 0
github.com/flext/flexcore/infrastructure/persistence/repository.go:556.68,558.4 1 0
github.com/flext/flexcore/infrastructure/persistence/repository.go:560.3,560.25 1 0
github.com/flext/flexcore/infrastructure/persistence/repository.go:560.25,562.81 2 0
github.com/flext/flexcore/infrastructure/persistence/repository.go:562.81,564.5 1 0
github.com/flext/flexcore/infrastructure/persistence/repository.go:565.4,565.33 1 0
github.com/flext/flexcore/infrastructure/persistence/repository.go:568.3,568.22 1 0
github.com/flext/flexcore/infrastructure/persistence/repository.go:568.22,570.4 1 0
github.com/flext/flexcore/infrastructure/persistence/repository.go:571.3,571.22 1 0
github.com/flext/flexcore/infrastructure/persistence/repository.go:571.22,573.4 1 0
github.com/flext/flexcore/infrastructure/persistence/repository.go:575.3,575.42 1 0
github.com/flext/flexcore/infrastructure/persistence/repository.go:578.2,578.35 1 0
github.com/flext/flexcore/infrastructure/persistence/repository.go:578.35,580.3 1 0
github.com/flext/flexcore/infrastructure/persistence/repository.go:582.2,582.23 1 0
github.com/flext/flexcore/infrastructure/persistence/repository.go:586.37,612.16 3 0
github.com/flext/flexcore/infrastructure/persistence/repository.go:612.16,614.3 1 0
github.com/flext/flexcore/infrastructure/persistence/repository.go:616.2,616.12 1 0
github.com/flext/flexcore/pkg/adapter/base_adapter.go:40.50,41.30 1 0
github.com/flext/flexcore/pkg/adapter/base_adapter.go:41.30,43.3 1 0
github.com/flext/flexcore/pkg/adapter/base_adapter.go:47.57,48.30 1 0
github.com/flext/flexcore/pkg/adapter/base_adapter.go:48.30,50.3 1 0
github.com/flext/flexcore/pkg/adapter/base_adapter.go:54.79,62.27 2 0
github.com/flext/flexcore/pkg/adapter/base_adapter.go:62.27,64.3 1 0
github.com/flext/flexcore/pkg/adapter/base_adapter.go:66.2,66.16 1 0
github.com/flext/flexcore/pkg/adapter/base_adapter.go:70.37,72.2 1 0
github.com/flext/flexcore/pkg/adapter/base_adapter.go:75.40,77.2 1 0
github.com/flext/flexcore/pkg/adapter/base_adapter.go:80.97,84.32 3 0
github.com/flext/flexcore/pkg/adapter/base_adapter.go:84.32,86.3 1 0
github.com/flext/flexcore/pkg/adapter/base_adapter.go:88.2,88.48 1 0
github.com/flext/flexcore/pkg/adapter/base_adapter.go:88.48,90.3 1 0
github.com/flext/flexcore/pkg/adapter/base_adapter.go:92.2,92.55 1 0
github.com/flext/flexcore/pkg/adapter/base_adapter.go:92.55,94.3 1 0
github.com/flext/flexcore/pkg/adapter/base_adapter.go:96.2,97.12 2 0
github.com/flext/flexcore/pkg/adapter/base_adapter.go:105.29,110.36 3 0
github.com/flext/flexcore/pkg/adapter/base_adapter.go:110.36,111.59 1 0
github.com/flext/flexcore/pkg/adapter/base_adapter.go:111.59,114.4 2 0
github.com/flext/flexcore/pkg/adapter/base_adapter.go:118.2,131.24 7 0
github.com/flext/flexcore/pkg/adapter/base_adapter.go:131.24,136.3 2 0
github.com/flext/flexcore/pkg/adapter/base_adapter.go:136.8,139.29 3 0
github.com/flext/flexcore/pkg/adapter/base_adapter.go:139.29,141.4 1 0
github.com/flext/flexcore/pkg/adapter/base_adapter.go:145.2,145.35 1 0
github.com/flext/flexcore/pkg/adapter/base_adapter.go:145.35,147.3 1 0
github.com/flext/flexcore/pkg/adapter/base_adapter.go:149.2,149.18 1 0
github.com/flext/flexcore/pkg/adapter/base_adapter.go:157.26,162.33 3 0
github.com/flext/flexcore/pkg/adapter/base_adapter.go:162.33,163.56 1 0
github.com/flext/flexcore/pkg/adapter/base_adapter.go:163.56,166.4 2 0
github.com/flext/flexcore/pkg/adapter/base_adapter.go:170.2,183.24 7 0
github.com/flext/flexcore/pkg/adapter/base_adapter.go:183.24,189.3 2 0
github.com/flext/flexcore/pkg/adapter/base_adapter.go:189.8,192.29 3 0
github.com/flext/flexcore/pkg/adapter/base_adapter.go:192.29,194.4 1 0
github.com/flext/flexcore/pkg/adapter/base_adapter.go:198.2,198.32 1 0
github.com/flext/flexcore/pkg/adapter/base_adapter.go:198.32,200.3 1 0
github.com/flext/flexcore/pkg/adapter/base_adapter.go:202.2,202.18 1 0
github.com/flext/flexcore/pkg/adapter/base_adapter.go:206.44,208.2 1 0
github.com/flext/flexcore/pkg/adapter/builder.go:47.62,53.2 1 0
github.com/flext/flexcore/pkg/adapter/builder.go:56.70,57.18 1 0
github.com/flext/flexcore/pkg/adapter/builder.go:57.18,59.3 1 0
github.com/flext/flexcore/pkg/adapter/builder.go:60.2,61.10 2 0
github.com/flext/flexcore/pkg/adapter/builder.go:65.64,66.18 1 0
github.com/flext/flexcore/pkg/adapter/builder.go:66.18,68.3 1 0
github.com/flext/flexcore/pkg/adapter/builder.go:69.2,70.10 2 0
github.com/flext/flexcore/pkg/adapter/builder.go:74.74,75.18 1 0
github.com/flext/flexcore/pkg/adapter/builder.go:75.18,77.3 1 0
github.com/flext/flexcore/pkg/adapter/builder.go:78.2,79.10 2 0
github.com/flext/flexcore/pkg/adapter/builder.go:83.78,84.18 1 0
github.com/flext/flexcore/pkg/adapter/builder.go:84.18,86.3 1 0
github.com/flext/flexcore/pkg/adapter/builder.go:87.2,88.10 2 0
github.com/flext/flexcore/pkg/adapter/builder.go:92.74,93.18 1 0
github.com/flext/flexcore/pkg/adapter/builder.go:93.18,95.3 1 0
github.com/flext/flexcore/pkg/adapter/builder.go:96.2,97.10 2 0
github.com/flext/flexcore/pkg/adapter/builder.go:101.72,102.18 1 0
github.com/flext/flexcore/pkg/adapter/builder.go:102.18,104.3 1 0
github.com/flext/flexcore/pkg/adapter/builder.go:105.2,106.10 2 0
github.com/flext/flexcore/pkg/adapter/builder.go:110.75,111.18 1 0
github.com/flext/flexcore/pkg/adapter/builder.go:111.18,113.3 1 0
github.com/flext/flexcore/pkg/adapter/builder.go:114.2,115.10 2 0
github.com/flext/flexcore/pkg/adapter/builder.go:119.84,120.18 1 0
github.com/flext/flexcore/pkg/adapter/builder.go:120.18,122.3 1 0
github.com/flext/flexcore/pkg/adapter/builder.go:123.2,124.10 2 0
github.com/flext/flexcore/pkg/adapter/builder.go:128.51,129.18 1 0
github.com/flext/flexcore/pkg/adapter/builder.go:129.18,131.3 1 0
github.com/flext/flexcore/pkg/adapter/builder.go:134.2,134.67 1 0
github.com/flext/flexcore/pkg/adapter/builder.go:134.67,136.3 1 0
github.com/flext/flexcore/pkg/adapter/builder.go:138.2,149.8 1 0
github.com/flext/flexcore/pkg/adapter/builder.go:170.38,172.2 1 0
github.com/flext/flexcore/pkg/adapter/builder.go:174.41,176.2 1 0
github.com/flext/flexcore/pkg/adapter/builder.go:178.71,179.26 1 0
github.com/flext/flexcore/pkg/adapter/builder.go:179.26,181.3 1 0
github.com/flext/flexcore/pkg/adapter/builder.go:182.2,183.12 2 0
github.com/flext/flexcore/pkg/adapter/builder.go:186.99,187.24 1 0
github.com/flext/flexcore/pkg/adapter/builder.go:187.24,189.3 1 0
github.com/flext/flexcore/pkg/adapter/builder.go:192.2,192.36 1 0
github.com/flext/flexcore/pkg/adapter/builder.go:192.36,193.59 1 0
github.com/flext/flexcore/pkg/adapter/builder.go:193.59,195.4 1 0
github.com/flext/flexcore/pkg/adapter/builder.go:199.2,206.24 6 0
github.com/flext/flexcore/pkg/adapter/builder.go:206.24,208.3 1 0
github.com/flext/flexcore/pkg/adapter/builder.go:208.8,210.29 2 0
github.com/flext/flexcore/pkg/adapter/builder.go:210.29,212.4 1 0
github.com/flext/flexcore/pkg/adapter/builder.go:216.2,216.35 1 0
github.com/flext/flexcore/pkg/adapter/builder.go:216.35,218.3 1 0
github.com/flext/flexcore/pkg/adapter/builder.go:220.2,220.18 1 0
github.com/flext/flexcore/pkg/adapter/builder.go:223.90,224.21 1 0
github.com/flext/flexcore/pkg/adapter/builder.go:224.21,226.3 1 0
github.com/flext/flexcore/pkg/adapter/builder.go:229.2,229.33 1 0
github.com/flext/flexcore/pkg/adapter/builder.go:229.33,230.56 1 0
github.com/flext/flexcore/pkg/adapter/builder.go:230.56,232.4 1 0
github.com/flext/flexcore/pkg/adapter/builder.go:236.2,241.24 4 0
github.com/flext/flexcore/pkg/adapter/builder.go:241.24,243.3 1 0
github.com/flext/flexcore/pkg/adapter/builder.go:243.8,245.29 2 0
github.com/flext/flexcore/pkg/adapter/builder.go:245.29,247.4 1 0
github.com/flext/flexcore/pkg/adapter/builder.go:251.2,251.32 1 0
github.com/flext/flexcore/pkg/adapter/builder.go:251.32,253.3 1 0
github.com/flext/flexcore/pkg/adapter/builder.go:255.2,255.18 1 0
github.com/flext/flexcore/pkg/adapter/builder.go:258.105,259.26 1 0
github.com/flext/flexcore/pkg/adapter/builder.go:259.26,261.3 1 0
github.com/flext/flexcore/pkg/adapter/builder.go:263.2,264.24 2 0
github.com/flext/flexcore/pkg/adapter/builder.go:264.24,266.3 1 0
github.com/flext/flexcore/pkg/adapter/builder.go:268.2,268.28 1 0
github.com/flext/flexcore/pkg/adapter/builder.go:271.63,272.23 1 0
github.com/flext/flexcore/pkg/adapter/builder.go:272.23,274.3 1 0
github.com/flext/flexcore/pkg/adapter/builder.go:275.2,275.24 1 0
github.com/flext/flexcore/pkg/adapter/builder.go:281.72,282.40 1 0
github.com/flext/flexcore/pkg/adapter/builder.go:282.40,283.74 1 0
github.com/flext/flexcore/pkg/adapter/builder.go:283.74,290.18 5 0
github.com/flext/flexcore/pkg/adapter/builder.go:290.18,292.5 1 0
github.com/flext/flexcore/pkg/adapter/builder.go:292.10,294.5 1 0
github.com/flext/flexcore/pkg/adapter/builder.go:296.4,296.20 1 0
github.com/flext/flexcore/pkg/adapter/builder.go:302.72,303.40 1 0
github.com/flext/flexcore/pkg/adapter/builder.go:303.40,304.74 1 0
github.com/flext/flexcore/pkg/adapter/builder.go:304.74,307.37 2 0
github.com/flext/flexcore/pkg/adapter/builder.go:307.37,308.14 1 0
github.com/flext/flexcore/pkg/adapter/builder.go:308.14,309.13 1 0
github.com/flext/flexcore/pkg/adapter/builder.go:310.24,311.28 1 0
github.com/flext/flexcore/pkg/adapter/builder.go:312.52,312.52 0 0
github.com/flext/flexcore/pkg/adapter/builder.go:317.5,318.19 2 0
github.com/flext/flexcore/pkg/adapter/builder.go:318.19,320.6 1 0
github.com/flext/flexcore/pkg/adapter/builder.go:322.5,322.18 1 0
github.com/flext/flexcore/pkg/adapter/builder.go:325.4,325.88 1 0
github.com/flext/flexcore/pkg/adapter/builder.go:331.58,332.40 1 0
github.com/flext/flexcore/pkg/adapter/builder.go:332.40,333.74 1 0
github.com/flext/flexcore/pkg/adapter/builder.go:333.74,338.4 3 0
github.com/flext/flexcore/shared/errors/errors.go:21.36,22.20 1 0
github.com/flext/flexcore/shared/errors/errors.go:22.20,24.3 1 0
github.com/flext/flexcore/shared/errors/errors.go:25.2,25.18 1 0
github.com/flext/flexcore/shared/errors/errors.go:29.36,31.2 1 0
github.com/flext/flexcore/shared/errors/errors.go:34.35,36.2 1 0
github.com/flext/flexcore/shared/errors/errors.go:39.40,41.2 1 0
github.com/flext/flexcore/shared/errors/errors.go:44.39,46.2 1 0
github.com/flext/flexcore/shared/errors/errors.go:49.37,56.2 2 0
github.com/flext/flexcore/shared/errors/errors.go:59.58,66.2 2 0
github.com/flext/flexcore/shared/errors/errors.go:69.49,70.16 1 0
github.com/flext/flexcore/shared/errors/errors.go:70.16,72.3 1 0
github.com/flext/flexcore/shared/errors/errors.go:74.2,80.3 2 0
github.com/flext/flexcore/shared/errors/errors.go:84.70,85.16 1 0
github.com/flext/flexcore/shared/errors/errors.go:85.16,87.3 1 0
github.com/flext/flexcore/shared/errors/errors.go:89.2,95.3 2 0
github.com/flext/flexcore/shared/errors/errors.go:99.54,102.2 2 0
github.com/flext/flexcore/shared/errors/errors.go:105.64,108.2 2 0
github.com/flext/flexcore/shared/errors/errors.go:111.40,113.9 2 0
github.com/flext/flexcore/shared/errors/errors.go:113.9,115.3 1 0
github.com/flext/flexcore/shared/errors/errors.go:118.2,119.20 2 0
github.com/flext/flexcore/shared/errors/errors.go:119.20,121.3 1 0
github.com/flext/flexcore/shared/errors/errors.go:123.2,123.19 1 0
github.com/flext/flexcore/shared/errors/errors.go:139.49,141.2 1 0
github.com/flext/flexcore/shared/errors/errors.go:143.48,145.2 1 0
github.com/flext/flexcore/shared/errors/errors.go:147.53,149.2 1 0
github.com/flext/flexcore/shared/errors/errors.go:151.51,153.2 1 0
github.com/flext/flexcore/shared/errors/errors.go:155.48,157.2 1 0
github.com/flext/flexcore/shared/errors/errors.go:159.47,161.2 1 0
github.com/flext/flexcore/shared/errors/errors.go:163.46,165.2 1 0
github.com/flext/flexcore/shared/errors/errors.go:167.46,169.2 1 0
github.com/flext/flexcore/shared/errors/errors.go:171.45,173.2 1 0
github.com/flext/flexcore/internal/domain/core.go:16.13,18.2 1 1
github.com/flext/flexcore/internal/domain/core.go:32.82,42.2 1 2
github.com/flext/flexcore/internal/domain/core.go:55.69,64.2 1 2
github.com/flext/flexcore/internal/domain/core.go:80.38,91.2 1 7
github.com/flext/flexcore/internal/domain/core.go:100.44,102.2 1 20
github.com/flext/flexcore/internal/domain/core.go:105.46,108.2 2 4
github.com/flext/flexcore/internal/domain/core.go:111.38,113.2 1 19
github.com/flext/flexcore/internal/domain/core.go:116.38,118.2 1 5
github.com/flext/flexcore/internal/domain/core.go:121.31,122.18 1 12
github.com/flext/flexcore/internal/domain/core.go:122.18,123.53 1 1
github.com/flext/flexcore/internal/domain/core.go:125.2,125.16 1 11
github.com/flext/flexcore/internal/domain/core.go:129.35,131.2 1 3
github.com/flext/flexcore/internal/domain/core.go:149.61,150.19 1 7
github.com/flext/flexcore/internal/domain/core.go:150.19,152.3 1 1
github.com/flext/flexcore/internal/domain/core.go:154.2,168.25 4 6
github.com/flext/flexcore/internal/domain/core.go:172.62,176.16 3 4
github.com/flext/flexcore/internal/domain/core.go:176.16,178.3 1 1
github.com/flext/flexcore/internal/domain/core.go:180.2,186.25 4 3
github.com/flext/flexcore/internal/domain/core.go:190.61,194.17 3 4
github.com/flext/flexcore/internal/domain/core.go:194.17,196.3 1 1
github.com/flext/flexcore/internal/domain/core.go:198.2,202.25 4 3
github.com/flext/flexcore/internal/domain/core.go:206.80,207.18 1 2
github.com/flext/flexcore/internal/domain/core.go:207.18,209.3 1 1
github.com/flext/flexcore/internal/domain/core.go:211.2,211.9 1 1
github.com/flext/flexcore/internal/domain/core.go:212.30,213.26 1 1
github.com/flext/flexcore/internal/domain/core.go:214.20,215.37 1 0
github.com/flext/flexcore/internal/domain/core.go:216.10,217.61 1 0
github.com/flext/flexcore/internal/domain/core.go:222.100,223.20 1 1
github.com/flext/flexcore/internal/domain/core.go:223.20,225.3 1 0
github.com/flext/flexcore/internal/domain/core.go:227.2,229.13 3 1
github.com/flext/flexcore/internal/domain/core.go:229.13,232.3 2 1
github.com/flext/flexcore/internal/domain/core.go:233.2,235.9 2 1
github.com/flext/flexcore/internal/domain/core.go:236.28,237.26 1 1
github.com/flext/flexcore/internal/domain/core.go:238.20,239.37 1 0
github.com/flext/flexcore/internal/domain/core.go:240.10,241.65 1 0
github.com/flext/flexcore/internal/domain/core.go:246.109,251.13 4 1
github.com/flext/flexcore/internal/domain/core.go:251.13,253.3 1 0
github.com/flext/flexcore/internal/domain/core.go:255.2,256.35 2 1
github.com/flext/flexcore/internal/domain/core.go:256.35,257.10 1 10
github.com/flext/flexcore/internal/domain/core.go:258.27,259.36 1 1
github.com/flext/flexcore/internal/domain/core.go:260.11,262.9 1 9
github.com/flext/flexcore/internal/domain/core.go:266.2,266.29 1 1
github.com/flext/flexcore/internal/domain/core.go:270.117,282.2 3 1
github.com/flext/flexcore/internal/domain/core.go:285.106,290.13 4 1
github.com/flext/flexcore/internal/domain/core.go:290.13,292.3 1 0
github.com/flext/flexcore/internal/domain/core.go:294.2,294.54 1 1
github.com/flext/flexcore/internal/domain/core.go:298.91,308.2 2 1
github.com/flext/flexcore/internal/domain/core.go:311.64,315.2 3 0
github.com/flext/flexcore/internal/domain/core.go:318.71,322.2 3 0
github.com/flext/flexcore/internal/domain/core.go:325.56,328.6 2 3
github.com/flext/flexcore/internal/domain/core.go:328.6,329.10 1 4
github.com/flext/flexcore/internal/domain/core.go:330.33,332.71 1 1
github.com/flext/flexcore/internal/domain/core.go:334.22,335.10 1 3
github.com/flext/flexcore/internal/domain/core.go:336.21,337.10 1 0
github.com/flext/flexcore/shared/result/result.go:15.40,17.2 1 22
github.com/flext/flexcore/shared/result/result.go:20.42,23.2 2 24
github.com/flext/flexcore/shared/result/result.go:26.58,28.2 1 3
github.com/flext/flexcore/shared/result/result.go:31.37,33.2 1 15
github.com/flext/flexcore/shared/result/result.go:36.37,38.2 1 29
github.com/flext/flexcore/shared/result/result.go:41.30,43.2 1 10
github.com/flext/flexcore/shared/result/result.go:46.34,48.2 1 14
github.com/flext/flexcore/shared/result/result.go:51.46,52.19 1 4
github.com/flext/flexcore/shared/result/result.go:52.19,54.3 1 2
github.com/flext/flexcore/shared/result/result.go:55.2,55.21 1 2
github.com/flext/flexcore/shared/result/result.go:59.36,62.2 2 2
github.com/flext/flexcore/shared/result/result.go:65.40,67.2 1 2
github.com/flext/flexcore/shared/result/result.go:70.38,71.18 1 2
github.com/flext/flexcore/shared/result/result.go:71.18,72.15 1 1
github.com/flext/flexcore/shared/result/result.go:74.2,74.16 1 1
github.com/flext/flexcore/shared/result/result.go:78.57,79.19 1 2
github.com/flext/flexcore/shared/result/result.go:79.19,81.3 1 1
github.com/flext/flexcore/shared/result/result.go:82.2,82.29 1 1
github.com/flext/flexcore/shared/result/result.go:86.69,87.19 1 3
github.com/flext/flexcore/shared/result/result.go:87.19,89.3 1 1
github.com/flext/flexcore/shared/result/result.go:90.2,90.20 1 2
github.com/flext/flexcore/shared/result/result.go:94.61,95.19 1 3
github.com/flext/flexcore/shared/result/result.go:95.19,97.3 1 1
github.com/flext/flexcore/shared/result/result.go:98.2,98.25 1 2
github.com/flext/flexcore/shared/result/result.go:98.25,100.3 1 1
github.com/flext/flexcore/shared/result/result.go:101.2,101.10 1 1
github.com/flext/flexcore/shared/result/result.go:105.40,106.19 1 2
github.com/flext/flexcore/shared/result/result.go:106.19,108.3 1 1
github.com/flext/flexcore/shared/result/result.go:112.46,113.19 1 2
github.com/flext/flexcore/shared/result/result.go:113.19,115.3 1 1
github.com/flext/flexcore/shared/result/result.go:119.72,120.20 1 4
github.com/flext/flexcore/shared/result/result.go:120.20,122.3 1 2
github.com/flext/flexcore/shared/result/result.go:123.2,123.20 1 2
github.com/flext/flexcore/shared/result/result.go:123.20,125.3 1 1
github.com/flext/flexcore/shared/result/result.go:126.2,126.64 1 1
github.com/flext/flexcore/shared/result/result.go:141.34,145.2 1 4
github.com/flext/flexcore/shared/result/result.go:148.38,151.2 2 2
github.com/flext/flexcore/shared/result/result.go:154.36,157.2 2 2
github.com/flext/flexcore/shared/result/result.go:160.38,162.2 1 4
github.com/flext/flexcore/shared/result/result.go:165.40,166.15 1 1
github.com/flext/flexcore/shared/result/result.go:166.15,167.31 1 1
github.com/flext/flexcore/shared/result/result.go:167.32,169.4 0 0
github.com/flext/flexcore/shared/result/result.go:172.2,173.23 2 1
github.com/flext/flexcore/shared/result/result.go:177.45,180.12 2 2
github.com/flext/flexcore/shared/result/result.go:180.12,181.16 1 2
github.com/flext/flexcore/shared/result/result.go:181.16,182.32 1 2
github.com/flext/flexcore/shared/result/result.go:182.32,184.5 1 1
github.com/flext/flexcore/shared/result/result.go:187.3,188.24 2 2
github.com/flext/flexcore/shared/result/result.go:191.2,191.14 1 2
